ERROR - 2025-09-25 13:47:03 --> mysqli_sql_exception: Unknown column 'c.title' in 'field list' in C:\xampp\htdocs\ITE311-CANITAN\system\Database\MySQLi\Connection.php:327
Stack trace:
#0 C:\xampp\htdocs\ITE311-CANITAN\system\Database\MySQLi\Connection.php(327): mysqli->query('SELECT `c`.`id`...', 0)
#1 C:\xampp\htdocs\ITE311-CANITAN\system\Database\BaseConnection.php(729): CodeIgniter\Database\MySQLi\Connection->execute('SELECT `c`.`id`...')
#2 C:\xampp\htdocs\ITE311-CANITAN\system\Database\BaseConnection.php(646): CodeIgniter\Database\BaseConnection->simpleQuery('SELECT `c`.`id`...')
#3 C:\xampp\htdocs\ITE311-CANITAN\system\Database\BaseBuilder.php(1649): CodeIgniter\Database\BaseConnection->query('SELECT `c`.`id`...', Array, false)
#4 C:\xampp\htdocs\ITE311-CANITAN\app\Controllers\Auth.php(217): CodeIgniter\Database\BaseBuilder->get()
#5 C:\xampp\htdocs\ITE311-CANITAN\system\CodeIgniter.php(933): App\Controllers\Auth->dashboard()
#6 C:\xampp\htdocs\ITE311-CANITAN\system\CodeIgniter.php(507): CodeIgniter\CodeIgniter->runController(Object(App\Controllers\Auth))
#7 C:\xampp\htdocs\ITE311-CANITAN\system\CodeIgniter.php(354): CodeIgniter\CodeIgniter->handleRequest(NULL, Object(Config\Cache), false)
#8 C:\xampp\htdocs\ITE311-CANITAN\system\Boot.php(363): CodeIgniter\CodeIgniter->run()
#9 C:\xampp\htdocs\ITE311-CANITAN\system\Boot.php(68): CodeIgniter\Boot::runCodeIgniter(Object(CodeIgniter\CodeIgniter))
#10 C:\xampp\htdocs\ITE311-CANITAN\index.php(59): CodeIgniter\Boot::bootWeb(Object(Config\Paths))
#11 {main}
ERROR - 2025-09-25 13:47:03 --> mysqli_sql_exception: Table 'lms_canitan.assignments' doesn't exist in C:\xampp\htdocs\ITE311-CANITAN\system\Database\MySQLi\Connection.php:327
Stack trace:
#0 C:\xampp\htdocs\ITE311-CANITAN\system\Database\MySQLi\Connection.php(327): mysqli->query('SELECT `a`.`id`...', 0)
#1 C:\xampp\htdocs\ITE311-CANITAN\system\Database\BaseConnection.php(729): CodeIgniter\Database\MySQLi\Connection->execute('SELECT `a`.`id`...')
#2 C:\xampp\htdocs\ITE311-CANITAN\system\Database\BaseConnection.php(646): CodeIgniter\Database\BaseConnection->simpleQuery('SELECT `a`.`id`...')
#3 C:\xampp\htdocs\ITE311-CANITAN\system\Database\BaseBuilder.php(1649): CodeIgniter\Database\BaseConnection->query('SELECT `a`.`id`...', Array, false)
#4 C:\xampp\htdocs\ITE311-CANITAN\app\Controllers\Auth.php(229): CodeIgniter\Database\BaseBuilder->get()
#5 C:\xampp\htdocs\ITE311-CANITAN\system\CodeIgniter.php(933): App\Controllers\Auth->dashboard()
#6 C:\xampp\htdocs\ITE311-CANITAN\system\CodeIgniter.php(507): CodeIgniter\CodeIgniter->runController(Object(App\Controllers\Auth))
#7 C:\xampp\htdocs\ITE311-CANITAN\system\CodeIgniter.php(354): CodeIgniter\CodeIgniter->handleRequest(NULL, Object(Config\Cache), false)
#8 C:\xampp\htdocs\ITE311-CANITAN\system\Boot.php(363): CodeIgniter\CodeIgniter->run()
#9 C:\xampp\htdocs\ITE311-CANITAN\system\Boot.php(68): CodeIgniter\Boot::runCodeIgniter(Object(CodeIgniter\CodeIgniter))
#10 C:\xampp\htdocs\ITE311-CANITAN\index.php(59): CodeIgniter\Boot::bootWeb(Object(Config\Paths))
#11 {main}
ERROR - 2025-09-25 13:47:03 --> mysqli_sql_exception: Table 'lms_canitan.grades' doesn't exist in C:\xampp\htdocs\ITE311-CANITAN\system\Database\MySQLi\Connection.php:327
Stack trace:
#0 C:\xampp\htdocs\ITE311-CANITAN\system\Database\MySQLi\Connection.php(327): mysqli->query('SELECT `g`.`sco...', 0)
#1 C:\xampp\htdocs\ITE311-CANITAN\system\Database\BaseConnection.php(729): CodeIgniter\Database\MySQLi\Connection->execute('SELECT `g`.`sco...')
#2 C:\xampp\htdocs\ITE311-CANITAN\system\Database\BaseConnection.php(646): CodeIgniter\Database\BaseConnection->simpleQuery('SELECT `g`.`sco...')
#3 C:\xampp\htdocs\ITE311-CANITAN\system\Database\BaseBuilder.php(1649): CodeIgniter\Database\BaseConnection->query('SELECT `g`.`sco...', Array, false)
#4 C:\xampp\htdocs\ITE311-CANITAN\app\Controllers\Auth.php(242): CodeIgniter\Database\BaseBuilder->get()
#5 C:\xampp\htdocs\ITE311-CANITAN\system\CodeIgniter.php(933): App\Controllers\Auth->dashboard()
#6 C:\xampp\htdocs\ITE311-CANITAN\system\CodeIgniter.php(507): CodeIgniter\CodeIgniter->runController(Object(App\Controllers\Auth))
#7 C:\xampp\htdocs\ITE311-CANITAN\system\CodeIgniter.php(354): CodeIgniter\CodeIgniter->handleRequest(NULL, Object(Config\Cache), false)
#8 C:\xampp\htdocs\ITE311-CANITAN\system\Boot.php(363): CodeIgniter\CodeIgniter->run()
#9 C:\xampp\htdocs\ITE311-CANITAN\system\Boot.php(68): CodeIgniter\Boot::runCodeIgniter(Object(CodeIgniter\CodeIgniter))
#10 C:\xampp\htdocs\ITE311-CANITAN\index.php(59): CodeIgniter\Boot::bootWeb(Object(Config\Paths))
#11 {main}
ERROR - 2025-09-25 13:47:32 --> mysqli_sql_exception: Unknown column 'teacher_id' in 'where clause' in C:\xampp\htdocs\ITE311-CANITAN\system\Database\MySQLi\Connection.php:327
Stack trace:
#0 C:\xampp\htdocs\ITE311-CANITAN\system\Database\MySQLi\Connection.php(327): mysqli->query('SELECT *\nFROM `...', 0)
#1 C:\xampp\htdocs\ITE311-CANITAN\system\Database\BaseConnection.php(729): CodeIgniter\Database\MySQLi\Connection->execute('SELECT *\nFROM `...')
#2 C:\xampp\htdocs\ITE311-CANITAN\system\Database\BaseConnection.php(646): CodeIgniter\Database\BaseConnection->simpleQuery('SELECT *\nFROM `...')
#3 C:\xampp\htdocs\ITE311-CANITAN\system\Database\BaseBuilder.php(1649): CodeIgniter\Database\BaseConnection->query('SELECT *\nFROM `...', Array, false)
#4 C:\xampp\htdocs\ITE311-CANITAN\app\Controllers\Auth.php(189): CodeIgniter\Database\BaseBuilder->get(10)
#5 C:\xampp\htdocs\ITE311-CANITAN\system\CodeIgniter.php(933): App\Controllers\Auth->dashboard()
#6 C:\xampp\htdocs\ITE311-CANITAN\system\CodeIgniter.php(507): CodeIgniter\CodeIgniter->runController(Object(App\Controllers\Auth))
#7 C:\xampp\htdocs\ITE311-CANITAN\system\CodeIgniter.php(354): CodeIgniter\CodeIgniter->handleRequest(NULL, Object(Config\Cache), false)
#8 C:\xampp\htdocs\ITE311-CANITAN\system\Boot.php(363): CodeIgniter\CodeIgniter->run()
#9 C:\xampp\htdocs\ITE311-CANITAN\system\Boot.php(68): CodeIgniter\Boot::runCodeIgniter(Object(CodeIgniter\CodeIgniter))
#10 C:\xampp\htdocs\ITE311-CANITAN\index.php(59): CodeIgniter\Boot::bootWeb(Object(Config\Paths))
#11 {main}
ERROR - 2025-09-25 13:47:32 --> mysqli_sql_exception: Unknown column 'student_name' in 'field list' in C:\xampp\htdocs\ITE311-CANITAN\system\Database\MySQLi\Connection.php:327
Stack trace:
#0 C:\xampp\htdocs\ITE311-CANITAN\system\Database\MySQLi\Connection.php(327): mysqli->query('SELECT `student...', 0)
#1 C:\xampp\htdocs\ITE311-CANITAN\system\Database\BaseConnection.php(729): CodeIgniter\Database\MySQLi\Connection->execute('SELECT `student...')
#2 C:\xampp\htdocs\ITE311-CANITAN\system\Database\BaseConnection.php(646): CodeIgniter\Database\BaseConnection->simpleQuery('SELECT `student...')
#3 C:\xampp\htdocs\ITE311-CANITAN\system\Database\BaseBuilder.php(1649): CodeIgniter\Database\BaseConnection->query('SELECT `student...', Array, false)
#4 C:\xampp\htdocs\ITE311-CANITAN\app\Controllers\Auth.php(200): CodeIgniter\Database\BaseBuilder->get()
#5 C:\xampp\htdocs\ITE311-CANITAN\system\CodeIgniter.php(933): App\Controllers\Auth->dashboard()
#6 C:\xampp\htdocs\ITE311-CANITAN\system\CodeIgniter.php(507): CodeIgniter\CodeIgniter->runController(Object(App\Controllers\Auth))
#7 C:\xampp\htdocs\ITE311-CANITAN\system\CodeIgniter.php(354): CodeIgniter\CodeIgniter->handleRequest(NULL, Object(Config\Cache), false)
#8 C:\xampp\htdocs\ITE311-CANITAN\system\Boot.php(363): CodeIgniter\CodeIgniter->run()
#9 C:\xampp\htdocs\ITE311-CANITAN\system\Boot.php(68): CodeIgniter\Boot::runCodeIgniter(Object(CodeIgniter\CodeIgniter))
#10 C:\xampp\htdocs\ITE311-CANITAN\index.php(59): CodeIgniter\Boot::bootWeb(Object(Config\Paths))
#11 {main}
ERROR - 2025-09-25 14:17:53 --> mysqli_sql_exception: Unknown column 'teacher_id' in 'where clause' in C:\xampp\htdocs\ITE311-CANITAN\system\Database\MySQLi\Connection.php:327
Stack trace:
#0 C:\xampp\htdocs\ITE311-CANITAN\system\Database\MySQLi\Connection.php(327): mysqli->query('SELECT *\nFROM `...', 0)
#1 C:\xampp\htdocs\ITE311-CANITAN\system\Database\BaseConnection.php(729): CodeIgniter\Database\MySQLi\Connection->execute('SELECT *\nFROM `...')
#2 C:\xampp\htdocs\ITE311-CANITAN\system\Database\BaseConnection.php(646): CodeIgniter\Database\BaseConnection->simpleQuery('SELECT *\nFROM `...')
#3 C:\xampp\htdocs\ITE311-CANITAN\system\Database\BaseBuilder.php(1649): CodeIgniter\Database\BaseConnection->query('SELECT *\nFROM `...', Array, false)
#4 C:\xampp\htdocs\ITE311-CANITAN\app\Controllers\Auth.php(189): CodeIgniter\Database\BaseBuilder->get(10)
#5 C:\xampp\htdocs\ITE311-CANITAN\system\CodeIgniter.php(933): App\Controllers\Auth->dashboard()
#6 C:\xampp\htdocs\ITE311-CANITAN\system\CodeIgniter.php(507): CodeIgniter\CodeIgniter->runController(Object(App\Controllers\Auth))
#7 C:\xampp\htdocs\ITE311-CANITAN\system\CodeIgniter.php(354): CodeIgniter\CodeIgniter->handleRequest(NULL, Object(Config\Cache), false)
#8 C:\xampp\htdocs\ITE311-CANITAN\system\Boot.php(363): CodeIgniter\CodeIgniter->run()
#9 C:\xampp\htdocs\ITE311-CANITAN\system\Boot.php(68): CodeIgniter\Boot::runCodeIgniter(Object(CodeIgniter\CodeIgniter))
#10 C:\xampp\htdocs\ITE311-CANITAN\index.php(59): CodeIgniter\Boot::bootWeb(Object(Config\Paths))
#11 {main}
ERROR - 2025-09-25 14:17:53 --> mysqli_sql_exception: Unknown column 'student_name' in 'field list' in C:\xampp\htdocs\ITE311-CANITAN\system\Database\MySQLi\Connection.php:327
Stack trace:
#0 C:\xampp\htdocs\ITE311-CANITAN\system\Database\MySQLi\Connection.php(327): mysqli->query('SELECT `student...', 0)
#1 C:\xampp\htdocs\ITE311-CANITAN\system\Database\BaseConnection.php(729): CodeIgniter\Database\MySQLi\Connection->execute('SELECT `student...')
#2 C:\xampp\htdocs\ITE311-CANITAN\system\Database\BaseConnection.php(646): CodeIgniter\Database\BaseConnection->simpleQuery('SELECT `student...')
#3 C:\xampp\htdocs\ITE311-CANITAN\system\Database\BaseBuilder.php(1649): CodeIgniter\Database\BaseConnection->query('SELECT `student...', Array, false)
#4 C:\xampp\htdocs\ITE311-CANITAN\app\Controllers\Auth.php(200): CodeIgniter\Database\BaseBuilder->get()
#5 C:\xampp\htdocs\ITE311-CANITAN\system\CodeIgniter.php(933): App\Controllers\Auth->dashboard()
#6 C:\xampp\htdocs\ITE311-CANITAN\system\CodeIgniter.php(507): CodeIgniter\CodeIgniter->runController(Object(App\Controllers\Auth))
#7 C:\xampp\htdocs\ITE311-CANITAN\system\CodeIgniter.php(354): CodeIgniter\CodeIgniter->handleRequest(NULL, Object(Config\Cache), false)
#8 C:\xampp\htdocs\ITE311-CANITAN\system\Boot.php(363): CodeIgniter\CodeIgniter->run()
#9 C:\xampp\htdocs\ITE311-CANITAN\system\Boot.php(68): CodeIgniter\Boot::runCodeIgniter(Object(CodeIgniter\CodeIgniter))
#10 C:\xampp\htdocs\ITE311-CANITAN\index.php(59): CodeIgniter\Boot::bootWeb(Object(Config\Paths))
#11 {main}
ERROR - 2025-09-25 14:18:41 --> mysqli_sql_exception: Unknown column 'c.title' in 'field list' in C:\xampp\htdocs\ITE311-CANITAN\system\Database\MySQLi\Connection.php:327
Stack trace:
#0 C:\xampp\htdocs\ITE311-CANITAN\system\Database\MySQLi\Connection.php(327): mysqli->query('SELECT `c`.`id`...', 0)
#1 C:\xampp\htdocs\ITE311-CANITAN\system\Database\BaseConnection.php(729): CodeIgniter\Database\MySQLi\Connection->execute('SELECT `c`.`id`...')
#2 C:\xampp\htdocs\ITE311-CANITAN\system\Database\BaseConnection.php(646): CodeIgniter\Database\BaseConnection->simpleQuery('SELECT `c`.`id`...')
#3 C:\xampp\htdocs\ITE311-CANITAN\system\Database\BaseBuilder.php(1649): CodeIgniter\Database\BaseConnection->query('SELECT `c`.`id`...', Array, false)
#4 C:\xampp\htdocs\ITE311-CANITAN\app\Controllers\Auth.php(217): CodeIgniter\Database\BaseBuilder->get()
#5 C:\xampp\htdocs\ITE311-CANITAN\system\CodeIgniter.php(933): App\Controllers\Auth->dashboard()
#6 C:\xampp\htdocs\ITE311-CANITAN\system\CodeIgniter.php(507): CodeIgniter\CodeIgniter->runController(Object(App\Controllers\Auth))
#7 C:\xampp\htdocs\ITE311-CANITAN\system\CodeIgniter.php(354): CodeIgniter\CodeIgniter->handleRequest(NULL, Object(Config\Cache), false)
#8 C:\xampp\htdocs\ITE311-CANITAN\system\Boot.php(363): CodeIgniter\CodeIgniter->run()
#9 C:\xampp\htdocs\ITE311-CANITAN\system\Boot.php(68): CodeIgniter\Boot::runCodeIgniter(Object(CodeIgniter\CodeIgniter))
#10 C:\xampp\htdocs\ITE311-CANITAN\index.php(59): CodeIgniter\Boot::bootWeb(Object(Config\Paths))
#11 {main}
ERROR - 2025-09-25 14:18:41 --> mysqli_sql_exception: Table 'lms_canitan.assignments' doesn't exist in C:\xampp\htdocs\ITE311-CANITAN\system\Database\MySQLi\Connection.php:327
Stack trace:
#0 C:\xampp\htdocs\ITE311-CANITAN\system\Database\MySQLi\Connection.php(327): mysqli->query('SELECT `a`.`id`...', 0)
#1 C:\xampp\htdocs\ITE311-CANITAN\system\Database\BaseConnection.php(729): CodeIgniter\Database\MySQLi\Connection->execute('SELECT `a`.`id`...')
#2 C:\xampp\htdocs\ITE311-CANITAN\system\Database\BaseConnection.php(646): CodeIgniter\Database\BaseConnection->simpleQuery('SELECT `a`.`id`...')
#3 C:\xampp\htdocs\ITE311-CANITAN\system\Database\BaseBuilder.php(1649): CodeIgniter\Database\BaseConnection->query('SELECT `a`.`id`...', Array, false)
#4 C:\xampp\htdocs\ITE311-CANITAN\app\Controllers\Auth.php(229): CodeIgniter\Database\BaseBuilder->get()
#5 C:\xampp\htdocs\ITE311-CANITAN\system\CodeIgniter.php(933): App\Controllers\Auth->dashboard()
#6 C:\xampp\htdocs\ITE311-CANITAN\system\CodeIgniter.php(507): CodeIgniter\CodeIgniter->runController(Object(App\Controllers\Auth))
#7 C:\xampp\htdocs\ITE311-CANITAN\system\CodeIgniter.php(354): CodeIgniter\CodeIgniter->handleRequest(NULL, Object(Config\Cache), false)
#8 C:\xampp\htdocs\ITE311-CANITAN\system\Boot.php(363): CodeIgniter\CodeIgniter->run()
#9 C:\xampp\htdocs\ITE311-CANITAN\system\Boot.php(68): CodeIgniter\Boot::runCodeIgniter(Object(CodeIgniter\CodeIgniter))
#10 C:\xampp\htdocs\ITE311-CANITAN\index.php(59): CodeIgniter\Boot::bootWeb(Object(Config\Paths))
#11 {main}
ERROR - 2025-09-25 14:18:41 --> mysqli_sql_exception: Table 'lms_canitan.grades' doesn't exist in C:\xampp\htdocs\ITE311-CANITAN\system\Database\MySQLi\Connection.php:327
Stack trace:
#0 C:\xampp\htdocs\ITE311-CANITAN\system\Database\MySQLi\Connection.php(327): mysqli->query('SELECT `g`.`sco...', 0)
#1 C:\xampp\htdocs\ITE311-CANITAN\system\Database\BaseConnection.php(729): CodeIgniter\Database\MySQLi\Connection->execute('SELECT `g`.`sco...')
#2 C:\xampp\htdocs\ITE311-CANITAN\system\Database\BaseConnection.php(646): CodeIgniter\Database\BaseConnection->simpleQuery('SELECT `g`.`sco...')
#3 C:\xampp\htdocs\ITE311-CANITAN\system\Database\BaseBuilder.php(1649): CodeIgniter\Database\BaseConnection->query('SELECT `g`.`sco...', Array, false)
#4 C:\xampp\htdocs\ITE311-CANITAN\app\Controllers\Auth.php(242): CodeIgniter\Database\BaseBuilder->get()
#5 C:\xampp\htdocs\ITE311-CANITAN\system\CodeIgniter.php(933): App\Controllers\Auth->dashboard()
#6 C:\xampp\htdocs\ITE311-CANITAN\system\CodeIgniter.php(507): CodeIgniter\CodeIgniter->runController(Object(App\Controllers\Auth))
#7 C:\xampp\htdocs\ITE311-CANITAN\system\CodeIgniter.php(354): CodeIgniter\CodeIgniter->handleRequest(NULL, Object(Config\Cache), false)
#8 C:\xampp\htdocs\ITE311-CANITAN\system\Boot.php(363): CodeIgniter\CodeIgniter->run()
#9 C:\xampp\htdocs\ITE311-CANITAN\system\Boot.php(68): CodeIgniter\Boot::runCodeIgniter(Object(CodeIgniter\CodeIgniter))
#10 C:\xampp\htdocs\ITE311-CANITAN\index.php(59): CodeIgniter\Boot::bootWeb(Object(Config\Paths))
#11 {main}
ERROR - 2025-09-25 15:17:36 --> mysqli_sql_exception: Unknown column 'teacher_id' in 'where clause' in C:\xampp\htdocs\ITE311-CANITAN\system\Database\MySQLi\Connection.php:327
Stack trace:
#0 C:\xampp\htdocs\ITE311-CANITAN\system\Database\MySQLi\Connection.php(327): mysqli->query('SELECT *\nFROM `...', 0)
#1 C:\xampp\htdocs\ITE311-CANITAN\system\Database\BaseConnection.php(729): CodeIgniter\Database\MySQLi\Connection->execute('SELECT *\nFROM `...')
#2 C:\xampp\htdocs\ITE311-CANITAN\system\Database\BaseConnection.php(646): CodeIgniter\Database\BaseConnection->simpleQuery('SELECT *\nFROM `...')
#3 C:\xampp\htdocs\ITE311-CANITAN\system\Database\BaseBuilder.php(1649): CodeIgniter\Database\BaseConnection->query('SELECT *\nFROM `...', Array, false)
#4 C:\xampp\htdocs\ITE311-CANITAN\app\Controllers\Auth.php(189): CodeIgniter\Database\BaseBuilder->get(10)
#5 C:\xampp\htdocs\ITE311-CANITAN\system\CodeIgniter.php(933): App\Controllers\Auth->dashboard()
#6 C:\xampp\htdocs\ITE311-CANITAN\system\CodeIgniter.php(507): CodeIgniter\CodeIgniter->runController(Object(App\Controllers\Auth))
#7 C:\xampp\htdocs\ITE311-CANITAN\system\CodeIgniter.php(354): CodeIgniter\CodeIgniter->handleRequest(NULL, Object(Config\Cache), false)
#8 C:\xampp\htdocs\ITE311-CANITAN\system\Boot.php(363): CodeIgniter\CodeIgniter->run()
#9 C:\xampp\htdocs\ITE311-CANITAN\system\Boot.php(68): CodeIgniter\Boot::runCodeIgniter(Object(CodeIgniter\CodeIgniter))
#10 C:\xampp\htdocs\ITE311-CANITAN\index.php(59): CodeIgniter\Boot::bootWeb(Object(Config\Paths))
#11 {main}
ERROR - 2025-09-25 15:17:36 --> mysqli_sql_exception: Unknown column 'student_name' in 'field list' in C:\xampp\htdocs\ITE311-CANITAN\system\Database\MySQLi\Connection.php:327
Stack trace:
#0 C:\xampp\htdocs\ITE311-CANITAN\system\Database\MySQLi\Connection.php(327): mysqli->query('SELECT `student...', 0)
#1 C:\xampp\htdocs\ITE311-CANITAN\system\Database\BaseConnection.php(729): CodeIgniter\Database\MySQLi\Connection->execute('SELECT `student...')
#2 C:\xampp\htdocs\ITE311-CANITAN\system\Database\BaseConnection.php(646): CodeIgniter\Database\BaseConnection->simpleQuery('SELECT `student...')
#3 C:\xampp\htdocs\ITE311-CANITAN\system\Database\BaseBuilder.php(1649): CodeIgniter\Database\BaseConnection->query('SELECT `student...', Array, false)
#4 C:\xampp\htdocs\ITE311-CANITAN\app\Controllers\Auth.php(200): CodeIgniter\Database\BaseBuilder->get()
#5 C:\xampp\htdocs\ITE311-CANITAN\system\CodeIgniter.php(933): App\Controllers\Auth->dashboard()
#6 C:\xampp\htdocs\ITE311-CANITAN\system\CodeIgniter.php(507): CodeIgniter\CodeIgniter->runController(Object(App\Controllers\Auth))
#7 C:\xampp\htdocs\ITE311-CANITAN\system\CodeIgniter.php(354): CodeIgniter\CodeIgniter->handleRequest(NULL, Object(Config\Cache), false)
#8 C:\xampp\htdocs\ITE311-CANITAN\system\Boot.php(363): CodeIgniter\CodeIgniter->run()
#9 C:\xampp\htdocs\ITE311-CANITAN\system\Boot.php(68): CodeIgniter\Boot::runCodeIgniter(Object(CodeIgniter\CodeIgniter))
#10 C:\xampp\htdocs\ITE311-CANITAN\index.php(59): CodeIgniter\Boot::bootWeb(Object(Config\Paths))
#11 {main}
ERROR - 2025-09-25 15:17:49 --> mysqli_sql_exception: Unknown column 'c.title' in 'field list' in C:\xampp\htdocs\ITE311-CANITAN\system\Database\MySQLi\Connection.php:327
Stack trace:
#0 C:\xampp\htdocs\ITE311-CANITAN\system\Database\MySQLi\Connection.php(327): mysqli->query('SELECT `c`.`id`...', 0)
#1 C:\xampp\htdocs\ITE311-CANITAN\system\Database\BaseConnection.php(729): CodeIgniter\Database\MySQLi\Connection->execute('SELECT `c`.`id`...')
#2 C:\xampp\htdocs\ITE311-CANITAN\system\Database\BaseConnection.php(646): CodeIgniter\Database\BaseConnection->simpleQuery('SELECT `c`.`id`...')
#3 C:\xampp\htdocs\ITE311-CANITAN\system\Database\BaseBuilder.php(1649): CodeIgniter\Database\BaseConnection->query('SELECT `c`.`id`...', Array, false)
#4 C:\xampp\htdocs\ITE311-CANITAN\app\Controllers\Auth.php(217): CodeIgniter\Database\BaseBuilder->get()
#5 C:\xampp\htdocs\ITE311-CANITAN\system\CodeIgniter.php(933): App\Controllers\Auth->dashboard()
#6 C:\xampp\htdocs\ITE311-CANITAN\system\CodeIgniter.php(507): CodeIgniter\CodeIgniter->runController(Object(App\Controllers\Auth))
#7 C:\xampp\htdocs\ITE311-CANITAN\system\CodeIgniter.php(354): CodeIgniter\CodeIgniter->handleRequest(NULL, Object(Config\Cache), false)
#8 C:\xampp\htdocs\ITE311-CANITAN\system\Boot.php(363): CodeIgniter\CodeIgniter->run()
#9 C:\xampp\htdocs\ITE311-CANITAN\system\Boot.php(68): CodeIgniter\Boot::runCodeIgniter(Object(CodeIgniter\CodeIgniter))
#10 C:\xampp\htdocs\ITE311-CANITAN\index.php(59): CodeIgniter\Boot::bootWeb(Object(Config\Paths))
#11 {main}
ERROR - 2025-09-25 15:17:49 --> mysqli_sql_exception: Table 'lms_canitan.assignments' doesn't exist in C:\xampp\htdocs\ITE311-CANITAN\system\Database\MySQLi\Connection.php:327
Stack trace:
#0 C:\xampp\htdocs\ITE311-CANITAN\system\Database\MySQLi\Connection.php(327): mysqli->query('SELECT `a`.`id`...', 0)
#1 C:\xampp\htdocs\ITE311-CANITAN\system\Database\BaseConnection.php(729): CodeIgniter\Database\MySQLi\Connection->execute('SELECT `a`.`id`...')
#2 C:\xampp\htdocs\ITE311-CANITAN\system\Database\BaseConnection.php(646): CodeIgniter\Database\BaseConnection->simpleQuery('SELECT `a`.`id`...')
#3 C:\xampp\htdocs\ITE311-CANITAN\system\Database\BaseBuilder.php(1649): CodeIgniter\Database\BaseConnection->query('SELECT `a`.`id`...', Array, false)
#4 C:\xampp\htdocs\ITE311-CANITAN\app\Controllers\Auth.php(229): CodeIgniter\Database\BaseBuilder->get()
#5 C:\xampp\htdocs\ITE311-CANITAN\system\CodeIgniter.php(933): App\Controllers\Auth->dashboard()
#6 C:\xampp\htdocs\ITE311-CANITAN\system\CodeIgniter.php(507): CodeIgniter\CodeIgniter->runController(Object(App\Controllers\Auth))
#7 C:\xampp\htdocs\ITE311-CANITAN\system\CodeIgniter.php(354): CodeIgniter\CodeIgniter->handleRequest(NULL, Object(Config\Cache), false)
#8 C:\xampp\htdocs\ITE311-CANITAN\system\Boot.php(363): CodeIgniter\CodeIgniter->run()
#9 C:\xampp\htdocs\ITE311-CANITAN\system\Boot.php(68): CodeIgniter\Boot::runCodeIgniter(Object(CodeIgniter\CodeIgniter))
#10 C:\xampp\htdocs\ITE311-CANITAN\index.php(59): CodeIgniter\Boot::bootWeb(Object(Config\Paths))
#11 {main}
ERROR - 2025-09-25 15:17:49 --> mysqli_sql_exception: Table 'lms_canitan.grades' doesn't exist in C:\xampp\htdocs\ITE311-CANITAN\system\Database\MySQLi\Connection.php:327
Stack trace:
#0 C:\xampp\htdocs\ITE311-CANITAN\system\Database\MySQLi\Connection.php(327): mysqli->query('SELECT `g`.`sco...', 0)
#1 C:\xampp\htdocs\ITE311-CANITAN\system\Database\BaseConnection.php(729): CodeIgniter\Database\MySQLi\Connection->execute('SELECT `g`.`sco...')
#2 C:\xampp\htdocs\ITE311-CANITAN\system\Database\BaseConnection.php(646): CodeIgniter\Database\BaseConnection->simpleQuery('SELECT `g`.`sco...')
#3 C:\xampp\htdocs\ITE311-CANITAN\system\Database\BaseBuilder.php(1649): CodeIgniter\Database\BaseConnection->query('SELECT `g`.`sco...', Array, false)
#4 C:\xampp\htdocs\ITE311-CANITAN\app\Controllers\Auth.php(242): CodeIgniter\Database\BaseBuilder->get()
#5 C:\xampp\htdocs\ITE311-CANITAN\system\CodeIgniter.php(933): App\Controllers\Auth->dashboard()
#6 C:\xampp\htdocs\ITE311-CANITAN\system\CodeIgniter.php(507): CodeIgniter\CodeIgniter->runController(Object(App\Controllers\Auth))
#7 C:\xampp\htdocs\ITE311-CANITAN\system\CodeIgniter.php(354): CodeIgniter\CodeIgniter->handleRequest(NULL, Object(Config\Cache), false)
#8 C:\xampp\htdocs\ITE311-CANITAN\system\Boot.php(363): CodeIgniter\CodeIgniter->run()
#9 C:\xampp\htdocs\ITE311-CANITAN\system\Boot.php(68): CodeIgniter\Boot::runCodeIgniter(Object(CodeIgniter\CodeIgniter))
#10 C:\xampp\htdocs\ITE311-CANITAN\index.php(59): CodeIgniter\Boot::bootWeb(Object(Config\Paths))
#11 {main}
ERROR - 2025-09-25 15:23:32 --> mysqli_sql_exception: Unknown column 'teacher_id' in 'where clause' in C:\xampp\htdocs\ITE311-CANITAN\system\Database\MySQLi\Connection.php:327
Stack trace:
#0 C:\xampp\htdocs\ITE311-CANITAN\system\Database\MySQLi\Connection.php(327): mysqli->query('SELECT *\nFROM `...', 0)
#1 C:\xampp\htdocs\ITE311-CANITAN\system\Database\BaseConnection.php(729): CodeIgniter\Database\MySQLi\Connection->execute('SELECT *\nFROM `...')
#2 C:\xampp\htdocs\ITE311-CANITAN\system\Database\BaseConnection.php(646): CodeIgniter\Database\BaseConnection->simpleQuery('SELECT *\nFROM `...')
#3 C:\xampp\htdocs\ITE311-CANITAN\system\Database\BaseBuilder.php(1649): CodeIgniter\Database\BaseConnection->query('SELECT *\nFROM `...', Array, false)
#4 C:\xampp\htdocs\ITE311-CANITAN\app\Controllers\Auth.php(189): CodeIgniter\Database\BaseBuilder->get(10)
#5 C:\xampp\htdocs\ITE311-CANITAN\system\CodeIgniter.php(933): App\Controllers\Auth->dashboard()
#6 C:\xampp\htdocs\ITE311-CANITAN\system\CodeIgniter.php(507): CodeIgniter\CodeIgniter->runController(Object(App\Controllers\Auth))
#7 C:\xampp\htdocs\ITE311-CANITAN\system\CodeIgniter.php(354): CodeIgniter\CodeIgniter->handleRequest(NULL, Object(Config\Cache), false)
#8 C:\xampp\htdocs\ITE311-CANITAN\system\Boot.php(363): CodeIgniter\CodeIgniter->run()
#9 C:\xampp\htdocs\ITE311-CANITAN\system\Boot.php(68): CodeIgniter\Boot::runCodeIgniter(Object(CodeIgniter\CodeIgniter))
#10 C:\xampp\htdocs\ITE311-CANITAN\index.php(59): CodeIgniter\Boot::bootWeb(Object(Config\Paths))
#11 {main}
ERROR - 2025-09-25 15:23:32 --> mysqli_sql_exception: Unknown column 'student_name' in 'field list' in C:\xampp\htdocs\ITE311-CANITAN\system\Database\MySQLi\Connection.php:327
Stack trace:
#0 C:\xampp\htdocs\ITE311-CANITAN\system\Database\MySQLi\Connection.php(327): mysqli->query('SELECT `student...', 0)
#1 C:\xampp\htdocs\ITE311-CANITAN\system\Database\BaseConnection.php(729): CodeIgniter\Database\MySQLi\Connection->execute('SELECT `student...')
#2 C:\xampp\htdocs\ITE311-CANITAN\system\Database\BaseConnection.php(646): CodeIgniter\Database\BaseConnection->simpleQuery('SELECT `student...')
#3 C:\xampp\htdocs\ITE311-CANITAN\system\Database\BaseBuilder.php(1649): CodeIgniter\Database\BaseConnection->query('SELECT `student...', Array, false)
#4 C:\xampp\htdocs\ITE311-CANITAN\app\Controllers\Auth.php(200): CodeIgniter\Database\BaseBuilder->get()
#5 C:\xampp\htdocs\ITE311-CANITAN\system\CodeIgniter.php(933): App\Controllers\Auth->dashboard()
#6 C:\xampp\htdocs\ITE311-CANITAN\system\CodeIgniter.php(507): CodeIgniter\CodeIgniter->runController(Object(App\Controllers\Auth))
#7 C:\xampp\htdocs\ITE311-CANITAN\system\CodeIgniter.php(354): CodeIgniter\CodeIgniter->handleRequest(NULL, Object(Config\Cache), false)
#8 C:\xampp\htdocs\ITE311-CANITAN\system\Boot.php(363): CodeIgniter\CodeIgniter->run()
#9 C:\xampp\htdocs\ITE311-CANITAN\system\Boot.php(68): CodeIgniter\Boot::runCodeIgniter(Object(CodeIgniter\CodeIgniter))
#10 C:\xampp\htdocs\ITE311-CANITAN\index.php(59): CodeIgniter\Boot::bootWeb(Object(Config\Paths))
#11 {main}
ERROR - 2025-09-25 15:23:47 --> mysqli_sql_exception: Unknown column 'c.title' in 'field list' in C:\xampp\htdocs\ITE311-CANITAN\system\Database\MySQLi\Connection.php:327
Stack trace:
#0 C:\xampp\htdocs\ITE311-CANITAN\system\Database\MySQLi\Connection.php(327): mysqli->query('SELECT `c`.`id`...', 0)
#1 C:\xampp\htdocs\ITE311-CANITAN\system\Database\BaseConnection.php(729): CodeIgniter\Database\MySQLi\Connection->execute('SELECT `c`.`id`...')
#2 C:\xampp\htdocs\ITE311-CANITAN\system\Database\BaseConnection.php(646): CodeIgniter\Database\BaseConnection->simpleQuery('SELECT `c`.`id`...')
#3 C:\xampp\htdocs\ITE311-CANITAN\system\Database\BaseBuilder.php(1649): CodeIgniter\Database\BaseConnection->query('SELECT `c`.`id`...', Array, false)
#4 C:\xampp\htdocs\ITE311-CANITAN\app\Controllers\Auth.php(217): CodeIgniter\Database\BaseBuilder->get()
#5 C:\xampp\htdocs\ITE311-CANITAN\system\CodeIgniter.php(933): App\Controllers\Auth->dashboard()
#6 C:\xampp\htdocs\ITE311-CANITAN\system\CodeIgniter.php(507): CodeIgniter\CodeIgniter->runController(Object(App\Controllers\Auth))
#7 C:\xampp\htdocs\ITE311-CANITAN\system\CodeIgniter.php(354): CodeIgniter\CodeIgniter->handleRequest(NULL, Object(Config\Cache), false)
#8 C:\xampp\htdocs\ITE311-CANITAN\system\Boot.php(363): CodeIgniter\CodeIgniter->run()
#9 C:\xampp\htdocs\ITE311-CANITAN\system\Boot.php(68): CodeIgniter\Boot::runCodeIgniter(Object(CodeIgniter\CodeIgniter))
#10 C:\xampp\htdocs\ITE311-CANITAN\index.php(59): CodeIgniter\Boot::bootWeb(Object(Config\Paths))
#11 {main}
ERROR - 2025-09-25 15:23:47 --> mysqli_sql_exception: Table 'lms_canitan.assignments' doesn't exist in C:\xampp\htdocs\ITE311-CANITAN\system\Database\MySQLi\Connection.php:327
Stack trace:
#0 C:\xampp\htdocs\ITE311-CANITAN\system\Database\MySQLi\Connection.php(327): mysqli->query('SELECT `a`.`id`...', 0)
#1 C:\xampp\htdocs\ITE311-CANITAN\system\Database\BaseConnection.php(729): CodeIgniter\Database\MySQLi\Connection->execute('SELECT `a`.`id`...')
#2 C:\xampp\htdocs\ITE311-CANITAN\system\Database\BaseConnection.php(646): CodeIgniter\Database\BaseConnection->simpleQuery('SELECT `a`.`id`...')
#3 C:\xampp\htdocs\ITE311-CANITAN\system\Database\BaseBuilder.php(1649): CodeIgniter\Database\BaseConnection->query('SELECT `a`.`id`...', Array, false)
#4 C:\xampp\htdocs\ITE311-CANITAN\app\Controllers\Auth.php(229): CodeIgniter\Database\BaseBuilder->get()
#5 C:\xampp\htdocs\ITE311-CANITAN\system\CodeIgniter.php(933): App\Controllers\Auth->dashboard()
#6 C:\xampp\htdocs\ITE311-CANITAN\system\CodeIgniter.php(507): CodeIgniter\CodeIgniter->runController(Object(App\Controllers\Auth))
#7 C:\xampp\htdocs\ITE311-CANITAN\system\CodeIgniter.php(354): CodeIgniter\CodeIgniter->handleRequest(NULL, Object(Config\Cache), false)
#8 C:\xampp\htdocs\ITE311-CANITAN\system\Boot.php(363): CodeIgniter\CodeIgniter->run()
#9 C:\xampp\htdocs\ITE311-CANITAN\system\Boot.php(68): CodeIgniter\Boot::runCodeIgniter(Object(CodeIgniter\CodeIgniter))
#10 C:\xampp\htdocs\ITE311-CANITAN\index.php(59): CodeIgniter\Boot::bootWeb(Object(Config\Paths))
#11 {main}
ERROR - 2025-09-25 15:23:47 --> mysqli_sql_exception: Table 'lms_canitan.grades' doesn't exist in C:\xampp\htdocs\ITE311-CANITAN\system\Database\MySQLi\Connection.php:327
Stack trace:
#0 C:\xampp\htdocs\ITE311-CANITAN\system\Database\MySQLi\Connection.php(327): mysqli->query('SELECT `g`.`sco...', 0)
#1 C:\xampp\htdocs\ITE311-CANITAN\system\Database\BaseConnection.php(729): CodeIgniter\Database\MySQLi\Connection->execute('SELECT `g`.`sco...')
#2 C:\xampp\htdocs\ITE311-CANITAN\system\Database\BaseConnection.php(646): CodeIgniter\Database\BaseConnection->simpleQuery('SELECT `g`.`sco...')
#3 C:\xampp\htdocs\ITE311-CANITAN\system\Database\BaseBuilder.php(1649): CodeIgniter\Database\BaseConnection->query('SELECT `g`.`sco...', Array, false)
#4 C:\xampp\htdocs\ITE311-CANITAN\app\Controllers\Auth.php(242): CodeIgniter\Database\BaseBuilder->get()
#5 C:\xampp\htdocs\ITE311-CANITAN\system\CodeIgniter.php(933): App\Controllers\Auth->dashboard()
#6 C:\xampp\htdocs\ITE311-CANITAN\system\CodeIgniter.php(507): CodeIgniter\CodeIgniter->runController(Object(App\Controllers\Auth))
#7 C:\xampp\htdocs\ITE311-CANITAN\system\CodeIgniter.php(354): CodeIgniter\CodeIgniter->handleRequest(NULL, Object(Config\Cache), false)
#8 C:\xampp\htdocs\ITE311-CANITAN\system\Boot.php(363): CodeIgniter\CodeIgniter->run()
#9 C:\xampp\htdocs\ITE311-CANITAN\system\Boot.php(68): CodeIgniter\Boot::runCodeIgniter(Object(CodeIgniter\CodeIgniter))
#10 C:\xampp\htdocs\ITE311-CANITAN\index.php(59): CodeIgniter\Boot::bootWeb(Object(Config\Paths))
#11 {main}
ERROR - 2025-09-25 17:15:18 --> mysqli_sql_exception: Unknown column 'c.title' in 'field list' in C:\xampp\htdocs\ITE311-CANITAN\system\Database\MySQLi\Connection.php:327
Stack trace:
#0 C:\xampp\htdocs\ITE311-CANITAN\system\Database\MySQLi\Connection.php(327): mysqli->query('SELECT `c`.`id`...', 0)
#1 C:\xampp\htdocs\ITE311-CANITAN\system\Database\BaseConnection.php(729): CodeIgniter\Database\MySQLi\Connection->execute('SELECT `c`.`id`...')
#2 C:\xampp\htdocs\ITE311-CANITAN\system\Database\BaseConnection.php(646): CodeIgniter\Database\BaseConnection->simpleQuery('SELECT `c`.`id`...')
#3 C:\xampp\htdocs\ITE311-CANITAN\system\Database\BaseBuilder.php(1649): CodeIgniter\Database\BaseConnection->query('SELECT `c`.`id`...', Array, false)
#4 C:\xampp\htdocs\ITE311-CANITAN\app\Controllers\Auth.php(217): CodeIgniter\Database\BaseBuilder->get()
#5 C:\xampp\htdocs\ITE311-CANITAN\system\CodeIgniter.php(933): App\Controllers\Auth->dashboard()
#6 C:\xampp\htdocs\ITE311-CANITAN\system\CodeIgniter.php(507): CodeIgniter\CodeIgniter->runController(Object(App\Controllers\Auth))
#7 C:\xampp\htdocs\ITE311-CANITAN\system\CodeIgniter.php(354): CodeIgniter\CodeIgniter->handleRequest(NULL, Object(Config\Cache), false)
#8 C:\xampp\htdocs\ITE311-CANITAN\system\Boot.php(363): CodeIgniter\CodeIgniter->run()
#9 C:\xampp\htdocs\ITE311-CANITAN\system\Boot.php(68): CodeIgniter\Boot::runCodeIgniter(Object(CodeIgniter\CodeIgniter))
#10 C:\xampp\htdocs\ITE311-CANITAN\index.php(59): CodeIgniter\Boot::bootWeb(Object(Config\Paths))
#11 {main}
ERROR - 2025-09-25 17:15:18 --> mysqli_sql_exception: Table 'lms_canitan.assignments' doesn't exist in C:\xampp\htdocs\ITE311-CANITAN\system\Database\MySQLi\Connection.php:327
Stack trace:
#0 C:\xampp\htdocs\ITE311-CANITAN\system\Database\MySQLi\Connection.php(327): mysqli->query('SELECT `a`.`id`...', 0)
#1 C:\xampp\htdocs\ITE311-CANITAN\system\Database\BaseConnection.php(729): CodeIgniter\Database\MySQLi\Connection->execute('SELECT `a`.`id`...')
#2 C:\xampp\htdocs\ITE311-CANITAN\system\Database\BaseConnection.php(646): CodeIgniter\Database\BaseConnection->simpleQuery('SELECT `a`.`id`...')
#3 C:\xampp\htdocs\ITE311-CANITAN\system\Database\BaseBuilder.php(1649): CodeIgniter\Database\BaseConnection->query('SELECT `a`.`id`...', Array, false)
#4 C:\xampp\htdocs\ITE311-CANITAN\app\Controllers\Auth.php(229): CodeIgniter\Database\BaseBuilder->get()
#5 C:\xampp\htdocs\ITE311-CANITAN\system\CodeIgniter.php(933): App\Controllers\Auth->dashboard()
#6 C:\xampp\htdocs\ITE311-CANITAN\system\CodeIgniter.php(507): CodeIgniter\CodeIgniter->runController(Object(App\Controllers\Auth))
#7 C:\xampp\htdocs\ITE311-CANITAN\system\CodeIgniter.php(354): CodeIgniter\CodeIgniter->handleRequest(NULL, Object(Config\Cache), false)
#8 C:\xampp\htdocs\ITE311-CANITAN\system\Boot.php(363): CodeIgniter\CodeIgniter->run()
#9 C:\xampp\htdocs\ITE311-CANITAN\system\Boot.php(68): CodeIgniter\Boot::runCodeIgniter(Object(CodeIgniter\CodeIgniter))
#10 C:\xampp\htdocs\ITE311-CANITAN\index.php(59): CodeIgniter\Boot::bootWeb(Object(Config\Paths))
#11 {main}
ERROR - 2025-09-25 17:15:18 --> mysqli_sql_exception: Table 'lms_canitan.grades' doesn't exist in C:\xampp\htdocs\ITE311-CANITAN\system\Database\MySQLi\Connection.php:327
Stack trace:
#0 C:\xampp\htdocs\ITE311-CANITAN\system\Database\MySQLi\Connection.php(327): mysqli->query('SELECT `g`.`sco...', 0)
#1 C:\xampp\htdocs\ITE311-CANITAN\system\Database\BaseConnection.php(729): CodeIgniter\Database\MySQLi\Connection->execute('SELECT `g`.`sco...')
#2 C:\xampp\htdocs\ITE311-CANITAN\system\Database\BaseConnection.php(646): CodeIgniter\Database\BaseConnection->simpleQuery('SELECT `g`.`sco...')
#3 C:\xampp\htdocs\ITE311-CANITAN\system\Database\BaseBuilder.php(1649): CodeIgniter\Database\BaseConnection->query('SELECT `g`.`sco...', Array, false)
#4 C:\xampp\htdocs\ITE311-CANITAN\app\Controllers\Auth.php(242): CodeIgniter\Database\BaseBuilder->get()
#5 C:\xampp\htdocs\ITE311-CANITAN\system\CodeIgniter.php(933): App\Controllers\Auth->dashboard()
#6 C:\xampp\htdocs\ITE311-CANITAN\system\CodeIgniter.php(507): CodeIgniter\CodeIgniter->runController(Object(App\Controllers\Auth))
#7 C:\xampp\htdocs\ITE311-CANITAN\system\CodeIgniter.php(354): CodeIgniter\CodeIgniter->handleRequest(NULL, Object(Config\Cache), false)
#8 C:\xampp\htdocs\ITE311-CANITAN\system\Boot.php(363): CodeIgniter\CodeIgniter->run()
#9 C:\xampp\htdocs\ITE311-CANITAN\system\Boot.php(68): CodeIgniter\Boot::runCodeIgniter(Object(CodeIgniter\CodeIgniter))
#10 C:\xampp\htdocs\ITE311-CANITAN\index.php(59): CodeIgniter\Boot::bootWeb(Object(Config\Paths))
#11 {main}
ERROR - 2025-09-25 18:54:17 --> mysqli_sql_exception: Unknown column 'c.title' in 'field list' in C:\xampp\htdocs\ITE311-CANITAN\system\Database\MySQLi\Connection.php:327
Stack trace:
#0 C:\xampp\htdocs\ITE311-CANITAN\system\Database\MySQLi\Connection.php(327): mysqli->query('SELECT `c`.`id`...', 0)
#1 C:\xampp\htdocs\ITE311-CANITAN\system\Database\BaseConnection.php(729): CodeIgniter\Database\MySQLi\Connection->execute('SELECT `c`.`id`...')
#2 C:\xampp\htdocs\ITE311-CANITAN\system\Database\BaseConnection.php(646): CodeIgniter\Database\BaseConnection->simpleQuery('SELECT `c`.`id`...')
#3 C:\xampp\htdocs\ITE311-CANITAN\system\Database\BaseBuilder.php(1649): CodeIgniter\Database\BaseConnection->query('SELECT `c`.`id`...', Array, false)
#4 C:\xampp\htdocs\ITE311-CANITAN\app\Controllers\Auth.php(217): CodeIgniter\Database\BaseBuilder->get()
#5 C:\xampp\htdocs\ITE311-CANITAN\system\CodeIgniter.php(933): App\Controllers\Auth->dashboard()
#6 C:\xampp\htdocs\ITE311-CANITAN\system\CodeIgniter.php(507): CodeIgniter\CodeIgniter->runController(Object(App\Controllers\Auth))
#7 C:\xampp\htdocs\ITE311-CANITAN\system\CodeIgniter.php(354): CodeIgniter\CodeIgniter->handleRequest(NULL, Object(Config\Cache), false)
#8 C:\xampp\htdocs\ITE311-CANITAN\system\Boot.php(363): CodeIgniter\CodeIgniter->run()
#9 C:\xampp\htdocs\ITE311-CANITAN\system\Boot.php(68): CodeIgniter\Boot::runCodeIgniter(Object(CodeIgniter\CodeIgniter))
#10 C:\xampp\htdocs\ITE311-CANITAN\index.php(59): CodeIgniter\Boot::bootWeb(Object(Config\Paths))
#11 {main}
ERROR - 2025-09-25 18:54:17 --> mysqli_sql_exception: Table 'lms_canitan.assignments' doesn't exist in C:\xampp\htdocs\ITE311-CANITAN\system\Database\MySQLi\Connection.php:327
Stack trace:
#0 C:\xampp\htdocs\ITE311-CANITAN\system\Database\MySQLi\Connection.php(327): mysqli->query('SELECT `a`.`id`...', 0)
#1 C:\xampp\htdocs\ITE311-CANITAN\system\Database\BaseConnection.php(729): CodeIgniter\Database\MySQLi\Connection->execute('SELECT `a`.`id`...')
#2 C:\xampp\htdocs\ITE311-CANITAN\system\Database\BaseConnection.php(646): CodeIgniter\Database\BaseConnection->simpleQuery('SELECT `a`.`id`...')
#3 C:\xampp\htdocs\ITE311-CANITAN\system\Database\BaseBuilder.php(1649): CodeIgniter\Database\BaseConnection->query('SELECT `a`.`id`...', Array, false)
#4 C:\xampp\htdocs\ITE311-CANITAN\app\Controllers\Auth.php(229): CodeIgniter\Database\BaseBuilder->get()
#5 C:\xampp\htdocs\ITE311-CANITAN\system\CodeIgniter.php(933): App\Controllers\Auth->dashboard()
#6 C:\xampp\htdocs\ITE311-CANITAN\system\CodeIgniter.php(507): CodeIgniter\CodeIgniter->runController(Object(App\Controllers\Auth))
#7 C:\xampp\htdocs\ITE311-CANITAN\system\CodeIgniter.php(354): CodeIgniter\CodeIgniter->handleRequest(NULL, Object(Config\Cache), false)
#8 C:\xampp\htdocs\ITE311-CANITAN\system\Boot.php(363): CodeIgniter\CodeIgniter->run()
#9 C:\xampp\htdocs\ITE311-CANITAN\system\Boot.php(68): CodeIgniter\Boot::runCodeIgniter(Object(CodeIgniter\CodeIgniter))
#10 C:\xampp\htdocs\ITE311-CANITAN\index.php(59): CodeIgniter\Boot::bootWeb(Object(Config\Paths))
#11 {main}
ERROR - 2025-09-25 18:54:17 --> mysqli_sql_exception: Table 'lms_canitan.grades' doesn't exist in C:\xampp\htdocs\ITE311-CANITAN\system\Database\MySQLi\Connection.php:327
Stack trace:
#0 C:\xampp\htdocs\ITE311-CANITAN\system\Database\MySQLi\Connection.php(327): mysqli->query('SELECT `g`.`sco...', 0)
#1 C:\xampp\htdocs\ITE311-CANITAN\system\Database\BaseConnection.php(729): CodeIgniter\Database\MySQLi\Connection->execute('SELECT `g`.`sco...')
#2 C:\xampp\htdocs\ITE311-CANITAN\system\Database\BaseConnection.php(646): CodeIgniter\Database\BaseConnection->simpleQuery('SELECT `g`.`sco...')
#3 C:\xampp\htdocs\ITE311-CANITAN\system\Database\BaseBuilder.php(1649): CodeIgniter\Database\BaseConnection->query('SELECT `g`.`sco...', Array, false)
#4 C:\xampp\htdocs\ITE311-CANITAN\app\Controllers\Auth.php(242): CodeIgniter\Database\BaseBuilder->get()
#5 C:\xampp\htdocs\ITE311-CANITAN\system\CodeIgniter.php(933): App\Controllers\Auth->dashboard()
#6 C:\xampp\htdocs\ITE311-CANITAN\system\CodeIgniter.php(507): CodeIgniter\CodeIgniter->runController(Object(App\Controllers\Auth))
#7 C:\xampp\htdocs\ITE311-CANITAN\system\CodeIgniter.php(354): CodeIgniter\CodeIgniter->handleRequest(NULL, Object(Config\Cache), false)
#8 C:\xampp\htdocs\ITE311-CANITAN\system\Boot.php(363): CodeIgniter\CodeIgniter->run()
#9 C:\xampp\htdocs\ITE311-CANITAN\system\Boot.php(68): CodeIgniter\Boot::runCodeIgniter(Object(CodeIgniter\CodeIgniter))
#10 C:\xampp\htdocs\ITE311-CANITAN\index.php(59): CodeIgniter\Boot::bootWeb(Object(Config\Paths))
#11 {main}
ERROR - 2025-09-25 18:54:35 --> mysqli_sql_exception: Unknown column 'teacher_id' in 'where clause' in C:\xampp\htdocs\ITE311-CANITAN\system\Database\MySQLi\Connection.php:327
Stack trace:
#0 C:\xampp\htdocs\ITE311-CANITAN\system\Database\MySQLi\Connection.php(327): mysqli->query('SELECT *\nFROM `...', 0)
#1 C:\xampp\htdocs\ITE311-CANITAN\system\Database\BaseConnection.php(729): CodeIgniter\Database\MySQLi\Connection->execute('SELECT *\nFROM `...')
#2 C:\xampp\htdocs\ITE311-CANITAN\system\Database\BaseConnection.php(646): CodeIgniter\Database\BaseConnection->simpleQuery('SELECT *\nFROM `...')
#3 C:\xampp\htdocs\ITE311-CANITAN\system\Database\BaseBuilder.php(1649): CodeIgniter\Database\BaseConnection->query('SELECT *\nFROM `...', Array, false)
#4 C:\xampp\htdocs\ITE311-CANITAN\app\Controllers\Auth.php(189): CodeIgniter\Database\BaseBuilder->get(10)
#5 C:\xampp\htdocs\ITE311-CANITAN\system\CodeIgniter.php(933): App\Controllers\Auth->dashboard()
#6 C:\xampp\htdocs\ITE311-CANITAN\system\CodeIgniter.php(507): CodeIgniter\CodeIgniter->runController(Object(App\Controllers\Auth))
#7 C:\xampp\htdocs\ITE311-CANITAN\system\CodeIgniter.php(354): CodeIgniter\CodeIgniter->handleRequest(NULL, Object(Config\Cache), false)
#8 C:\xampp\htdocs\ITE311-CANITAN\system\Boot.php(363): CodeIgniter\CodeIgniter->run()
#9 C:\xampp\htdocs\ITE311-CANITAN\system\Boot.php(68): CodeIgniter\Boot::runCodeIgniter(Object(CodeIgniter\CodeIgniter))
#10 C:\xampp\htdocs\ITE311-CANITAN\index.php(59): CodeIgniter\Boot::bootWeb(Object(Config\Paths))
#11 {main}
ERROR - 2025-09-25 18:54:35 --> mysqli_sql_exception: Unknown column 'student_name' in 'field list' in C:\xampp\htdocs\ITE311-CANITAN\system\Database\MySQLi\Connection.php:327
Stack trace:
#0 C:\xampp\htdocs\ITE311-CANITAN\system\Database\MySQLi\Connection.php(327): mysqli->query('SELECT `student...', 0)
#1 C:\xampp\htdocs\ITE311-CANITAN\system\Database\BaseConnection.php(729): CodeIgniter\Database\MySQLi\Connection->execute('SELECT `student...')
#2 C:\xampp\htdocs\ITE311-CANITAN\system\Database\BaseConnection.php(646): CodeIgniter\Database\BaseConnection->simpleQuery('SELECT `student...')
#3 C:\xampp\htdocs\ITE311-CANITAN\system\Database\BaseBuilder.php(1649): CodeIgniter\Database\BaseConnection->query('SELECT `student...', Array, false)
#4 C:\xampp\htdocs\ITE311-CANITAN\app\Controllers\Auth.php(200): CodeIgniter\Database\BaseBuilder->get()
#5 C:\xampp\htdocs\ITE311-CANITAN\system\CodeIgniter.php(933): App\Controllers\Auth->dashboard()
#6 C:\xampp\htdocs\ITE311-CANITAN\system\CodeIgniter.php(507): CodeIgniter\CodeIgniter->runController(Object(App\Controllers\Auth))
#7 C:\xampp\htdocs\ITE311-CANITAN\system\CodeIgniter.php(354): CodeIgniter\CodeIgniter->handleRequest(NULL, Object(Config\Cache), false)
#8 C:\xampp\htdocs\ITE311-CANITAN\system\Boot.php(363): CodeIgniter\CodeIgniter->run()
#9 C:\xampp\htdocs\ITE311-CANITAN\system\Boot.php(68): CodeIgniter\Boot::runCodeIgniter(Object(CodeIgniter\CodeIgniter))
#10 C:\xampp\htdocs\ITE311-CANITAN\index.php(59): CodeIgniter\Boot::bootWeb(Object(Config\Paths))
#11 {main}
