ERROR - 2025-10-22 11:40:17 --> mysqli_sql_exception: Duplicate entry 'ITE311' for key 'course_code' in C:\xampp\htdocs\ITE311-CANITAN\system\Database\MySQLi\Connection.php:327
Stack trace:
#0 C:\xampp\htdocs\ITE311-CANITAN\system\Database\MySQLi\Connection.php(327): mysqli->query('INSERT INTO `co...', 0)
#1 C:\xampp\htdocs\ITE311-CANITAN\system\Database\BaseConnection.php(729): CodeIgniter\Database\MySQLi\Connection->execute('INSERT INTO `co...')
#2 C:\xampp\htdocs\ITE311-CANITAN\system\Database\BaseConnection.php(646): CodeIgniter\Database\BaseConnection->simpleQuery('INSERT INTO `co...')
#3 C:\xampp\htdocs\ITE311-CANITAN\system\Database\BaseBuilder.php(1841): CodeIgniter\Database\BaseConnection->query('INSERT INTO `co...', NULL, false)
#4 C:\xampp\htdocs\ITE311-CANITAN\system\Database\BaseBuilder.php(2230): CodeIgniter\Database\BaseBuilder->batchExecute('_insertBatch', 100)
#5 C:\xampp\htdocs\ITE311-CANITAN\app\Database\Seeds\CourseSeeder.php(63): CodeIgniter\Database\BaseBuilder->insertBatch(Array)
#6 C:\xampp\htdocs\ITE311-CANITAN\system\Database\Seeder.php(149): App\Database\Seeds\CourseSeeder->run()
#7 C:\xampp\htdocs\ITE311-CANITAN\system\Commands\Database\Seed.php(79): CodeIgniter\Database\Seeder->call('App\\Database\\Se...')
#8 C:\xampp\htdocs\ITE311-CANITAN\system\CLI\Commands.php(74): CodeIgniter\Commands\Database\Seed->run(Array)
#9 C:\xampp\htdocs\ITE311-CANITAN\system\CLI\Console.php(47): CodeIgniter\CLI\Commands->run('db:seed', Array)
#10 C:\xampp\htdocs\ITE311-CANITAN\system\Boot.php(388): CodeIgniter\CLI\Console->run()
#11 C:\xampp\htdocs\ITE311-CANITAN\system\Boot.php(133): CodeIgniter\Boot::runCommand(Object(CodeIgniter\CLI\Console))
#12 C:\xampp\htdocs\ITE311-CANITAN\spark(87): CodeIgniter\Boot::bootSpark(Object(Config\Paths))
#13 {main}
ERROR - 2025-10-22 12:06:03 --> mysqli_sql_exception: Table 'materials' already exists in C:\xampp\htdocs\ITE311-CANITAN\system\Database\MySQLi\Connection.php:327
Stack trace:
#0 C:\xampp\htdocs\ITE311-CANITAN\system\Database\MySQLi\Connection.php(327): mysqli->query('CREATE TABLE `m...', 0)
#1 C:\xampp\htdocs\ITE311-CANITAN\system\Database\BaseConnection.php(729): CodeIgniter\Database\MySQLi\Connection->execute('CREATE TABLE `m...')
#2 C:\xampp\htdocs\ITE311-CANITAN\system\Database\BaseConnection.php(646): CodeIgniter\Database\BaseConnection->simpleQuery('CREATE TABLE `m...')
#3 C:\xampp\htdocs\ITE311-CANITAN\system\Database\Forge.php(570): CodeIgniter\Database\BaseConnection->query('CREATE TABLE `m...')
#4 C:\xampp\htdocs\ITE311-CANITAN\app\Database\Migrations\2025-10-22-120348_CreateMaterialsTable.php(37): CodeIgniter\Database\Forge->createTable('materials')
#5 C:\xampp\htdocs\ITE311-CANITAN\system\Database\MigrationRunner.php(876): App\Database\Migrations\CreateMaterialsTable->up()
#6 C:\xampp\htdocs\ITE311-CANITAN\system\Database\MigrationRunner.php(182): CodeIgniter\Database\MigrationRunner->migrate('up', Object(stdClass))
#7 C:\xampp\htdocs\ITE311-CANITAN\system\Commands\Database\Migrate.php(85): CodeIgniter\Database\MigrationRunner->latest(NULL)
#8 C:\xampp\htdocs\ITE311-CANITAN\system\CLI\Commands.php(74): CodeIgniter\Commands\Database\Migrate->run(Array)
#9 C:\xampp\htdocs\ITE311-CANITAN\system\CLI\Console.php(47): CodeIgniter\CLI\Commands->run('migrate', Array)
#10 C:\xampp\htdocs\ITE311-CANITAN\system\Boot.php(388): CodeIgniter\CLI\Console->run()
#11 C:\xampp\htdocs\ITE311-CANITAN\system\Boot.php(133): CodeIgniter\Boot::runCommand(Object(CodeIgniter\CLI\Console))
#12 C:\xampp\htdocs\ITE311-CANITAN\spark(87): CodeIgniter\Boot::bootSpark(Object(Config\Paths))
#13 {main}
ERROR - 2025-10-22 12:07:30 --> mysqli_sql_exception: Table 'materials' already exists in C:\xampp\htdocs\ITE311-CANITAN\system\Database\MySQLi\Connection.php:327
Stack trace:
#0 C:\xampp\htdocs\ITE311-CANITAN\system\Database\MySQLi\Connection.php(327): mysqli->query('CREATE TABLE `m...', 0)
#1 C:\xampp\htdocs\ITE311-CANITAN\system\Database\BaseConnection.php(729): CodeIgniter\Database\MySQLi\Connection->execute('CREATE TABLE `m...')
#2 C:\xampp\htdocs\ITE311-CANITAN\system\Database\BaseConnection.php(646): CodeIgniter\Database\BaseConnection->simpleQuery('CREATE TABLE `m...')
#3 C:\xampp\htdocs\ITE311-CANITAN\system\Database\Forge.php(570): CodeIgniter\Database\BaseConnection->query('CREATE TABLE `m...')
#4 C:\xampp\htdocs\ITE311-CANITAN\app\Database\Migrations\2025-10-22-120348_CreateMaterialsTable.php(37): CodeIgniter\Database\Forge->createTable('materials')
#5 C:\xampp\htdocs\ITE311-CANITAN\system\Database\MigrationRunner.php(876): App\Database\Migrations\CreateMaterialsTable->up()
#6 C:\xampp\htdocs\ITE311-CANITAN\system\Database\MigrationRunner.php(182): CodeIgniter\Database\MigrationRunner->migrate('up', Object(stdClass))
#7 C:\xampp\htdocs\ITE311-CANITAN\system\Commands\Database\Migrate.php(85): CodeIgniter\Database\MigrationRunner->latest(NULL)
#8 C:\xampp\htdocs\ITE311-CANITAN\system\CLI\Commands.php(74): CodeIgniter\Commands\Database\Migrate->run(Array)
#9 C:\xampp\htdocs\ITE311-CANITAN\system\CLI\Console.php(47): CodeIgniter\CLI\Commands->run('migrate', Array)
#10 C:\xampp\htdocs\ITE311-CANITAN\system\Boot.php(388): CodeIgniter\CLI\Console->run()
#11 C:\xampp\htdocs\ITE311-CANITAN\system\Boot.php(133): CodeIgniter\Boot::runCommand(Object(CodeIgniter\CLI\Console))
#12 C:\xampp\htdocs\ITE311-CANITAN\spark(87): CodeIgniter\Boot::bootSpark(Object(Config\Paths))
#13 {main}
ERROR - 2025-10-22 12:08:13 --> mysqli_sql_exception: Table 'materials' already exists in C:\xampp\htdocs\ITE311-CANITAN\system\Database\MySQLi\Connection.php:327
Stack trace:
#0 C:\xampp\htdocs\ITE311-CANITAN\system\Database\MySQLi\Connection.php(327): mysqli->query('CREATE TABLE `m...', 0)
#1 C:\xampp\htdocs\ITE311-CANITAN\system\Database\BaseConnection.php(729): CodeIgniter\Database\MySQLi\Connection->execute('CREATE TABLE `m...')
#2 C:\xampp\htdocs\ITE311-CANITAN\system\Database\BaseConnection.php(646): CodeIgniter\Database\BaseConnection->simpleQuery('CREATE TABLE `m...')
#3 C:\xampp\htdocs\ITE311-CANITAN\system\Database\Forge.php(570): CodeIgniter\Database\BaseConnection->query('CREATE TABLE `m...')
#4 C:\xampp\htdocs\ITE311-CANITAN\app\Database\Migrations\2025-10-22-120348_CreateMaterialsTable.php(37): CodeIgniter\Database\Forge->createTable('materials')
#5 C:\xampp\htdocs\ITE311-CANITAN\system\Database\MigrationRunner.php(876): App\Database\Migrations\CreateMaterialsTable->up()
#6 C:\xampp\htdocs\ITE311-CANITAN\system\Database\MigrationRunner.php(182): CodeIgniter\Database\MigrationRunner->migrate('up', Object(stdClass))
#7 C:\xampp\htdocs\ITE311-CANITAN\system\Commands\Database\Migrate.php(85): CodeIgniter\Database\MigrationRunner->latest(NULL)
#8 C:\xampp\htdocs\ITE311-CANITAN\system\CLI\Commands.php(74): CodeIgniter\Commands\Database\Migrate->run(Array)
#9 C:\xampp\htdocs\ITE311-CANITAN\system\CLI\Console.php(47): CodeIgniter\CLI\Commands->run('migrate', Array)
#10 C:\xampp\htdocs\ITE311-CANITAN\system\Boot.php(388): CodeIgniter\CLI\Console->run()
#11 C:\xampp\htdocs\ITE311-CANITAN\system\Boot.php(133): CodeIgniter\Boot::runCommand(Object(CodeIgniter\CLI\Console))
#12 C:\xampp\htdocs\ITE311-CANITAN\spark(87): CodeIgniter\Boot::bootSpark(Object(Config\Paths))
#13 {main}
ERROR - 2025-10-22 12:09:42 --> mysqli_sql_exception: Table 'materials' already exists in C:\xampp\htdocs\ITE311-CANITAN\system\Database\MySQLi\Connection.php:327
Stack trace:
#0 C:\xampp\htdocs\ITE311-CANITAN\system\Database\MySQLi\Connection.php(327): mysqli->query('CREATE TABLE `m...', 0)
#1 C:\xampp\htdocs\ITE311-CANITAN\system\Database\BaseConnection.php(729): CodeIgniter\Database\MySQLi\Connection->execute('CREATE TABLE `m...')
#2 C:\xampp\htdocs\ITE311-CANITAN\system\Database\BaseConnection.php(646): CodeIgniter\Database\BaseConnection->simpleQuery('CREATE TABLE `m...')
#3 C:\xampp\htdocs\ITE311-CANITAN\system\Database\Forge.php(570): CodeIgniter\Database\BaseConnection->query('CREATE TABLE `m...')
#4 C:\xampp\htdocs\ITE311-CANITAN\app\Database\Migrations\2025-10-22-120348_CreateMaterialsTable.php(37): CodeIgniter\Database\Forge->createTable('materials')
#5 C:\xampp\htdocs\ITE311-CANITAN\system\Database\MigrationRunner.php(876): App\Database\Migrations\CreateMaterialsTable->up()
#6 C:\xampp\htdocs\ITE311-CANITAN\system\Database\MigrationRunner.php(182): CodeIgniter\Database\MigrationRunner->migrate('up', Object(stdClass))
#7 C:\xampp\htdocs\ITE311-CANITAN\system\Commands\Database\Migrate.php(85): CodeIgniter\Database\MigrationRunner->latest(NULL)
#8 C:\xampp\htdocs\ITE311-CANITAN\system\CLI\Commands.php(74): CodeIgniter\Commands\Database\Migrate->run(Array)
#9 C:\xampp\htdocs\ITE311-CANITAN\system\CLI\Console.php(47): CodeIgniter\CLI\Commands->run('migrate', Array)
#10 C:\xampp\htdocs\ITE311-CANITAN\system\Boot.php(388): CodeIgniter\CLI\Console->run()
#11 C:\xampp\htdocs\ITE311-CANITAN\system\Boot.php(133): CodeIgniter\Boot::runCommand(Object(CodeIgniter\CLI\Console))
#12 C:\xampp\htdocs\ITE311-CANITAN\spark(87): CodeIgniter\Boot::bootSpark(Object(Config\Paths))
#13 {main}
ERROR - 2025-10-22 12:11:06 --> mysqli_sql_exception: Table 'materials' already exists in C:\xampp\htdocs\ITE311-CANITAN\system\Database\MySQLi\Connection.php:327
Stack trace:
#0 C:\xampp\htdocs\ITE311-CANITAN\system\Database\MySQLi\Connection.php(327): mysqli->query('CREATE TABLE `m...', 0)
#1 C:\xampp\htdocs\ITE311-CANITAN\system\Database\BaseConnection.php(729): CodeIgniter\Database\MySQLi\Connection->execute('CREATE TABLE `m...')
#2 C:\xampp\htdocs\ITE311-CANITAN\system\Database\BaseConnection.php(646): CodeIgniter\Database\BaseConnection->simpleQuery('CREATE TABLE `m...')
#3 C:\xampp\htdocs\ITE311-CANITAN\system\Database\Forge.php(570): CodeIgniter\Database\BaseConnection->query('CREATE TABLE `m...')
#4 C:\xampp\htdocs\ITE311-CANITAN\app\Database\Migrations\2025-10-22-120348_CreateMaterialsTable.php(37): CodeIgniter\Database\Forge->createTable('materials')
#5 C:\xampp\htdocs\ITE311-CANITAN\system\Database\MigrationRunner.php(876): App\Database\Migrations\CreateMaterialsTable->up()
#6 C:\xampp\htdocs\ITE311-CANITAN\system\Database\MigrationRunner.php(182): CodeIgniter\Database\MigrationRunner->migrate('up', Object(stdClass))
#7 C:\xampp\htdocs\ITE311-CANITAN\system\Commands\Database\Migrate.php(85): CodeIgniter\Database\MigrationRunner->latest(NULL)
#8 C:\xampp\htdocs\ITE311-CANITAN\system\CLI\Commands.php(74): CodeIgniter\Commands\Database\Migrate->run(Array)
#9 C:\xampp\htdocs\ITE311-CANITAN\system\CLI\Console.php(47): CodeIgniter\CLI\Commands->run('migrate', Array)
#10 C:\xampp\htdocs\ITE311-CANITAN\system\Boot.php(388): CodeIgniter\CLI\Console->run()
#11 C:\xampp\htdocs\ITE311-CANITAN\system\Boot.php(133): CodeIgniter\Boot::runCommand(Object(CodeIgniter\CLI\Console))
#12 C:\xampp\htdocs\ITE311-CANITAN\spark(87): CodeIgniter\Boot::bootSpark(Object(Config\Paths))
#13 {main}
ERROR - 2025-10-22 13:07:48 --> mysqli_sql_exception: Table 'lms_canitan.users' doesn't exist in C:\xampp\htdocs\ITE311-CANITAN\system\Database\MySQLi\Connection.php:327
Stack trace:
#0 C:\xampp\htdocs\ITE311-CANITAN\system\Database\MySQLi\Connection.php(327): mysqli->query('SELECT *\nFROM `...', 0)
#1 C:\xampp\htdocs\ITE311-CANITAN\system\Database\BaseConnection.php(729): CodeIgniter\Database\MySQLi\Connection->execute('SELECT *\nFROM `...')
#2 C:\xampp\htdocs\ITE311-CANITAN\system\Database\BaseConnection.php(646): CodeIgniter\Database\BaseConnection->simpleQuery('SELECT *\nFROM `...')
#3 C:\xampp\htdocs\ITE311-CANITAN\system\Database\BaseBuilder.php(1649): CodeIgniter\Database\BaseConnection->query('SELECT *\nFROM `...', Array, false)
#4 C:\xampp\htdocs\ITE311-CANITAN\system\Model.php(330): CodeIgniter\Database\BaseBuilder->get()
#5 C:\xampp\htdocs\ITE311-CANITAN\system\BaseModel.php(715): CodeIgniter\Model->doFirst()
#6 C:\xampp\htdocs\ITE311-CANITAN\app\Controllers\Auth.php(108): CodeIgniter\BaseModel->first()
#7 C:\xampp\htdocs\ITE311-CANITAN\system\CodeIgniter.php(933): App\Controllers\Auth->login()
#8 C:\xampp\htdocs\ITE311-CANITAN\system\CodeIgniter.php(507): CodeIgniter\CodeIgniter->runController(Object(App\Controllers\Auth))
#9 C:\xampp\htdocs\ITE311-CANITAN\system\CodeIgniter.php(354): CodeIgniter\CodeIgniter->handleRequest(NULL, Object(Config\Cache), false)
#10 C:\xampp\htdocs\ITE311-CANITAN\system\Boot.php(363): CodeIgniter\CodeIgniter->run()
#11 C:\xampp\htdocs\ITE311-CANITAN\system\Boot.php(68): CodeIgniter\Boot::runCodeIgniter(Object(CodeIgniter\CodeIgniter))
#12 C:\xampp\htdocs\ITE311-CANITAN\index.php(59): CodeIgniter\Boot::bootWeb(Object(Config\Paths))
#13 {main}
ERROR - 2025-10-22 13:07:48 --> Login exception: Table 'lms_canitan.users' doesn't exist
CRITICAL - 2025-10-22 13:31:27 --> CodeIgniter\Files\Exceptions\FileNotFoundException: File not found: "C:\xampp\htdocs\ITE311-CANITAN\writable\uploads/sample_material.pdf"
[Method: GET, Route: materials/download/1]
in SYSTEMPATH\Files\File.php on line 51.
 1 SYSTEMPATH\Files\File.php(51): CodeIgniter\Files\Exceptions\FileNotFoundException::forFileNotFound('C:\\xampp\\htdocs\\ITE311-CANITAN\\writable\\uploads/sample_material.pdf')
 2 SYSTEMPATH\HTTP\DownloadResponse.php(106): CodeIgniter\Files\File->__construct('C:\\xampp\\htdocs\\ITE311-CANITAN\\writable\\uploads/sample_material.pdf', true)
 3 SYSTEMPATH\HTTP\ResponseTrait.php(745): CodeIgniter\HTTP\DownloadResponse->setFilePath('C:\\xampp\\htdocs\\ITE311-CANITAN\\writable\\uploads/sample_material.pdf')
 4 APPPATH\Controllers\Materials.php(120): CodeIgniter\HTTP\Response->download('sample_material.pdf', null, true)
 5 SYSTEMPATH\CodeIgniter.php(933): App\Controllers\Materials->download('1')
 6 SYSTEMPATH\CodeIgniter.php(507): CodeIgniter\CodeIgniter->runController(Object(App\Controllers\Materials))
 7 SYSTEMPATH\CodeIgniter.php(354): CodeIgniter\CodeIgniter->handleRequest(null, Object(Config\Cache), false)
 8 SYSTEMPATH\Boot.php(363): CodeIgniter\CodeIgniter->run()
 9 SYSTEMPATH\Boot.php(68): CodeIgniter\Boot::runCodeIgniter(Object(CodeIgniter\CodeIgniter))
10 FCPATH\index.php(59): CodeIgniter\Boot::bootWeb(Object(Config\Paths))
