ERROR - 2025-09-23 09:54:00 --> mysqli_sql_exception: Unknown column 'teacher_id' in 'where clause' in C:\xampp\htdocs\ITE311-CANITAN\system\Database\MySQLi\Connection.php:327
Stack trace:
#0 C:\xampp\htdocs\ITE311-CANITAN\system\Database\MySQLi\Connection.php(327): mysqli->query('SELECT *\nFROM `...', 0)
#1 C:\xampp\htdocs\ITE311-CANITAN\system\Database\BaseConnection.php(729): CodeIgniter\Database\MySQLi\Connection->execute('SELECT *\nFROM `...')
#2 C:\xampp\htdocs\ITE311-CANITAN\system\Database\BaseConnection.php(646): CodeIgniter\Database\BaseConnection->simpleQuery('SELECT *\nFROM `...')
#3 C:\xampp\htdocs\ITE311-CANITAN\system\Database\BaseBuilder.php(1649): CodeIgniter\Database\BaseConnection->query('SELECT *\nFROM `...', Array, false)
#4 C:\xampp\htdocs\ITE311-CANITAN\app\Controllers\Teacher.php(33): CodeIgniter\Database\BaseBuilder->get(10)
#5 C:\xampp\htdocs\ITE311-CANITAN\system\CodeIgniter.php(933): App\Controllers\Teacher->dashboard()
#6 C:\xampp\htdocs\ITE311-CANITAN\system\CodeIgniter.php(507): CodeIgniter\CodeIgniter->runController(Object(App\Controllers\Teacher))
#7 C:\xampp\htdocs\ITE311-CANITAN\system\CodeIgniter.php(354): CodeIgniter\CodeIgniter->handleRequest(NULL, Object(Config\Cache), false)
#8 C:\xampp\htdocs\ITE311-CANITAN\system\Boot.php(363): CodeIgniter\CodeIgniter->run()
#9 C:\xampp\htdocs\ITE311-CANITAN\system\Boot.php(68): CodeIgniter\Boot::runCodeIgniter(Object(CodeIgniter\CodeIgniter))
#10 C:\xampp\htdocs\ITE311-CANITAN\index.php(59): CodeIgniter\Boot::bootWeb(Object(Config\Paths))
#11 {main}
ERROR - 2025-09-23 09:54:00 --> mysqli_sql_exception: Unknown column 'student_name' in 'field list' in C:\xampp\htdocs\ITE311-CANITAN\system\Database\MySQLi\Connection.php:327
Stack trace:
#0 C:\xampp\htdocs\ITE311-CANITAN\system\Database\MySQLi\Connection.php(327): mysqli->query('SELECT `student...', 0)
#1 C:\xampp\htdocs\ITE311-CANITAN\system\Database\BaseConnection.php(729): CodeIgniter\Database\MySQLi\Connection->execute('SELECT `student...')
#2 C:\xampp\htdocs\ITE311-CANITAN\system\Database\BaseConnection.php(646): CodeIgniter\Database\BaseConnection->simpleQuery('SELECT `student...')
#3 C:\xampp\htdocs\ITE311-CANITAN\system\Database\BaseBuilder.php(1649): CodeIgniter\Database\BaseConnection->query('SELECT `student...', Array, false)
#4 C:\xampp\htdocs\ITE311-CANITAN\app\Controllers\Teacher.php(48): CodeIgniter\Database\BaseBuilder->get(5)
#5 C:\xampp\htdocs\ITE311-CANITAN\system\CodeIgniter.php(933): App\Controllers\Teacher->dashboard()
#6 C:\xampp\htdocs\ITE311-CANITAN\system\CodeIgniter.php(507): CodeIgniter\CodeIgniter->runController(Object(App\Controllers\Teacher))
#7 C:\xampp\htdocs\ITE311-CANITAN\system\CodeIgniter.php(354): CodeIgniter\CodeIgniter->handleRequest(NULL, Object(Config\Cache), false)
#8 C:\xampp\htdocs\ITE311-CANITAN\system\Boot.php(363): CodeIgniter\CodeIgniter->run()
#9 C:\xampp\htdocs\ITE311-CANITAN\system\Boot.php(68): CodeIgniter\Boot::runCodeIgniter(Object(CodeIgniter\CodeIgniter))
#10 C:\xampp\htdocs\ITE311-CANITAN\index.php(59): CodeIgniter\Boot::bootWeb(Object(Config\Paths))
#11 {main}
ERROR - 2025-09-23 09:56:26 --> mysqli_sql_exception: Unknown column 'teacher_id' in 'where clause' in C:\xampp\htdocs\ITE311-CANITAN\system\Database\MySQLi\Connection.php:327
Stack trace:
#0 C:\xampp\htdocs\ITE311-CANITAN\system\Database\MySQLi\Connection.php(327): mysqli->query('SELECT *\nFROM `...', 0)
#1 C:\xampp\htdocs\ITE311-CANITAN\system\Database\BaseConnection.php(729): CodeIgniter\Database\MySQLi\Connection->execute('SELECT *\nFROM `...')
#2 C:\xampp\htdocs\ITE311-CANITAN\system\Database\BaseConnection.php(646): CodeIgniter\Database\BaseConnection->simpleQuery('SELECT *\nFROM `...')
#3 C:\xampp\htdocs\ITE311-CANITAN\system\Database\BaseBuilder.php(1649): CodeIgniter\Database\BaseConnection->query('SELECT *\nFROM `...', Array, false)
#4 C:\xampp\htdocs\ITE311-CANITAN\app\Controllers\Teacher.php(33): CodeIgniter\Database\BaseBuilder->get(10)
#5 C:\xampp\htdocs\ITE311-CANITAN\system\CodeIgniter.php(933): App\Controllers\Teacher->dashboard()
#6 C:\xampp\htdocs\ITE311-CANITAN\system\CodeIgniter.php(507): CodeIgniter\CodeIgniter->runController(Object(App\Controllers\Teacher))
#7 C:\xampp\htdocs\ITE311-CANITAN\system\CodeIgniter.php(354): CodeIgniter\CodeIgniter->handleRequest(NULL, Object(Config\Cache), false)
#8 C:\xampp\htdocs\ITE311-CANITAN\system\Boot.php(363): CodeIgniter\CodeIgniter->run()
#9 C:\xampp\htdocs\ITE311-CANITAN\system\Boot.php(68): CodeIgniter\Boot::runCodeIgniter(Object(CodeIgniter\CodeIgniter))
#10 C:\xampp\htdocs\ITE311-CANITAN\index.php(59): CodeIgniter\Boot::bootWeb(Object(Config\Paths))
#11 {main}
ERROR - 2025-09-23 09:56:26 --> mysqli_sql_exception: Unknown column 'student_name' in 'field list' in C:\xampp\htdocs\ITE311-CANITAN\system\Database\MySQLi\Connection.php:327
Stack trace:
#0 C:\xampp\htdocs\ITE311-CANITAN\system\Database\MySQLi\Connection.php(327): mysqli->query('SELECT `student...', 0)
#1 C:\xampp\htdocs\ITE311-CANITAN\system\Database\BaseConnection.php(729): CodeIgniter\Database\MySQLi\Connection->execute('SELECT `student...')
#2 C:\xampp\htdocs\ITE311-CANITAN\system\Database\BaseConnection.php(646): CodeIgniter\Database\BaseConnection->simpleQuery('SELECT `student...')
#3 C:\xampp\htdocs\ITE311-CANITAN\system\Database\BaseBuilder.php(1649): CodeIgniter\Database\BaseConnection->query('SELECT `student...', Array, false)
#4 C:\xampp\htdocs\ITE311-CANITAN\app\Controllers\Teacher.php(48): CodeIgniter\Database\BaseBuilder->get(5)
#5 C:\xampp\htdocs\ITE311-CANITAN\system\CodeIgniter.php(933): App\Controllers\Teacher->dashboard()
#6 C:\xampp\htdocs\ITE311-CANITAN\system\CodeIgniter.php(507): CodeIgniter\CodeIgniter->runController(Object(App\Controllers\Teacher))
#7 C:\xampp\htdocs\ITE311-CANITAN\system\CodeIgniter.php(354): CodeIgniter\CodeIgniter->handleRequest(NULL, Object(Config\Cache), false)
#8 C:\xampp\htdocs\ITE311-CANITAN\system\Boot.php(363): CodeIgniter\CodeIgniter->run()
#9 C:\xampp\htdocs\ITE311-CANITAN\system\Boot.php(68): CodeIgniter\Boot::runCodeIgniter(Object(CodeIgniter\CodeIgniter))
#10 C:\xampp\htdocs\ITE311-CANITAN\index.php(59): CodeIgniter\Boot::bootWeb(Object(Config\Paths))
#11 {main}
ERROR - 2025-09-23 09:56:33 --> mysqli_sql_exception: Unknown column 'teacher_id' in 'where clause' in C:\xampp\htdocs\ITE311-CANITAN\system\Database\MySQLi\Connection.php:327
Stack trace:
#0 C:\xampp\htdocs\ITE311-CANITAN\system\Database\MySQLi\Connection.php(327): mysqli->query('SELECT *\nFROM `...', 0)
#1 C:\xampp\htdocs\ITE311-CANITAN\system\Database\BaseConnection.php(729): CodeIgniter\Database\MySQLi\Connection->execute('SELECT *\nFROM `...')
#2 C:\xampp\htdocs\ITE311-CANITAN\system\Database\BaseConnection.php(646): CodeIgniter\Database\BaseConnection->simpleQuery('SELECT *\nFROM `...')
#3 C:\xampp\htdocs\ITE311-CANITAN\system\Database\BaseBuilder.php(1649): CodeIgniter\Database\BaseConnection->query('SELECT *\nFROM `...', Array, false)
#4 C:\xampp\htdocs\ITE311-CANITAN\app\Controllers\Teacher.php(33): CodeIgniter\Database\BaseBuilder->get(10)
#5 C:\xampp\htdocs\ITE311-CANITAN\system\CodeIgniter.php(933): App\Controllers\Teacher->dashboard()
#6 C:\xampp\htdocs\ITE311-CANITAN\system\CodeIgniter.php(507): CodeIgniter\CodeIgniter->runController(Object(App\Controllers\Teacher))
#7 C:\xampp\htdocs\ITE311-CANITAN\system\CodeIgniter.php(354): CodeIgniter\CodeIgniter->handleRequest(NULL, Object(Config\Cache), false)
#8 C:\xampp\htdocs\ITE311-CANITAN\system\Boot.php(363): CodeIgniter\CodeIgniter->run()
#9 C:\xampp\htdocs\ITE311-CANITAN\system\Boot.php(68): CodeIgniter\Boot::runCodeIgniter(Object(CodeIgniter\CodeIgniter))
#10 C:\xampp\htdocs\ITE311-CANITAN\index.php(59): CodeIgniter\Boot::bootWeb(Object(Config\Paths))
#11 {main}
ERROR - 2025-09-23 09:56:33 --> mysqli_sql_exception: Unknown column 'student_name' in 'field list' in C:\xampp\htdocs\ITE311-CANITAN\system\Database\MySQLi\Connection.php:327
Stack trace:
#0 C:\xampp\htdocs\ITE311-CANITAN\system\Database\MySQLi\Connection.php(327): mysqli->query('SELECT `student...', 0)
#1 C:\xampp\htdocs\ITE311-CANITAN\system\Database\BaseConnection.php(729): CodeIgniter\Database\MySQLi\Connection->execute('SELECT `student...')
#2 C:\xampp\htdocs\ITE311-CANITAN\system\Database\BaseConnection.php(646): CodeIgniter\Database\BaseConnection->simpleQuery('SELECT `student...')
#3 C:\xampp\htdocs\ITE311-CANITAN\system\Database\BaseBuilder.php(1649): CodeIgniter\Database\BaseConnection->query('SELECT `student...', Array, false)
#4 C:\xampp\htdocs\ITE311-CANITAN\app\Controllers\Teacher.php(48): CodeIgniter\Database\BaseBuilder->get(5)
#5 C:\xampp\htdocs\ITE311-CANITAN\system\CodeIgniter.php(933): App\Controllers\Teacher->dashboard()
#6 C:\xampp\htdocs\ITE311-CANITAN\system\CodeIgniter.php(507): CodeIgniter\CodeIgniter->runController(Object(App\Controllers\Teacher))
#7 C:\xampp\htdocs\ITE311-CANITAN\system\CodeIgniter.php(354): CodeIgniter\CodeIgniter->handleRequest(NULL, Object(Config\Cache), false)
#8 C:\xampp\htdocs\ITE311-CANITAN\system\Boot.php(363): CodeIgniter\CodeIgniter->run()
#9 C:\xampp\htdocs\ITE311-CANITAN\system\Boot.php(68): CodeIgniter\Boot::runCodeIgniter(Object(CodeIgniter\CodeIgniter))
#10 C:\xampp\htdocs\ITE311-CANITAN\index.php(59): CodeIgniter\Boot::bootWeb(Object(Config\Paths))
#11 {main}
ERROR - 2025-09-23 09:56:53 --> mysqli_sql_exception: Unknown column 'teacher_id' in 'where clause' in C:\xampp\htdocs\ITE311-CANITAN\system\Database\MySQLi\Connection.php:327
Stack trace:
#0 C:\xampp\htdocs\ITE311-CANITAN\system\Database\MySQLi\Connection.php(327): mysqli->query('SELECT *\nFROM `...', 0)
#1 C:\xampp\htdocs\ITE311-CANITAN\system\Database\BaseConnection.php(729): CodeIgniter\Database\MySQLi\Connection->execute('SELECT *\nFROM `...')
#2 C:\xampp\htdocs\ITE311-CANITAN\system\Database\BaseConnection.php(646): CodeIgniter\Database\BaseConnection->simpleQuery('SELECT *\nFROM `...')
#3 C:\xampp\htdocs\ITE311-CANITAN\system\Database\BaseBuilder.php(1649): CodeIgniter\Database\BaseConnection->query('SELECT *\nFROM `...', Array, false)
#4 C:\xampp\htdocs\ITE311-CANITAN\app\Controllers\Teacher.php(33): CodeIgniter\Database\BaseBuilder->get(10)
#5 C:\xampp\htdocs\ITE311-CANITAN\system\CodeIgniter.php(933): App\Controllers\Teacher->dashboard()
#6 C:\xampp\htdocs\ITE311-CANITAN\system\CodeIgniter.php(507): CodeIgniter\CodeIgniter->runController(Object(App\Controllers\Teacher))
#7 C:\xampp\htdocs\ITE311-CANITAN\system\CodeIgniter.php(354): CodeIgniter\CodeIgniter->handleRequest(NULL, Object(Config\Cache), false)
#8 C:\xampp\htdocs\ITE311-CANITAN\system\Boot.php(363): CodeIgniter\CodeIgniter->run()
#9 C:\xampp\htdocs\ITE311-CANITAN\system\Boot.php(68): CodeIgniter\Boot::runCodeIgniter(Object(CodeIgniter\CodeIgniter))
#10 C:\xampp\htdocs\ITE311-CANITAN\index.php(59): CodeIgniter\Boot::bootWeb(Object(Config\Paths))
#11 {main}
ERROR - 2025-09-23 09:56:53 --> mysqli_sql_exception: Unknown column 'student_name' in 'field list' in C:\xampp\htdocs\ITE311-CANITAN\system\Database\MySQLi\Connection.php:327
Stack trace:
#0 C:\xampp\htdocs\ITE311-CANITAN\system\Database\MySQLi\Connection.php(327): mysqli->query('SELECT `student...', 0)
#1 C:\xampp\htdocs\ITE311-CANITAN\system\Database\BaseConnection.php(729): CodeIgniter\Database\MySQLi\Connection->execute('SELECT `student...')
#2 C:\xampp\htdocs\ITE311-CANITAN\system\Database\BaseConnection.php(646): CodeIgniter\Database\BaseConnection->simpleQuery('SELECT `student...')
#3 C:\xampp\htdocs\ITE311-CANITAN\system\Database\BaseBuilder.php(1649): CodeIgniter\Database\BaseConnection->query('SELECT `student...', Array, false)
#4 C:\xampp\htdocs\ITE311-CANITAN\app\Controllers\Teacher.php(48): CodeIgniter\Database\BaseBuilder->get(5)
#5 C:\xampp\htdocs\ITE311-CANITAN\system\CodeIgniter.php(933): App\Controllers\Teacher->dashboard()
#6 C:\xampp\htdocs\ITE311-CANITAN\system\CodeIgniter.php(507): CodeIgniter\CodeIgniter->runController(Object(App\Controllers\Teacher))
#7 C:\xampp\htdocs\ITE311-CANITAN\system\CodeIgniter.php(354): CodeIgniter\CodeIgniter->handleRequest(NULL, Object(Config\Cache), false)
#8 C:\xampp\htdocs\ITE311-CANITAN\system\Boot.php(363): CodeIgniter\CodeIgniter->run()
#9 C:\xampp\htdocs\ITE311-CANITAN\system\Boot.php(68): CodeIgniter\Boot::runCodeIgniter(Object(CodeIgniter\CodeIgniter))
#10 C:\xampp\htdocs\ITE311-CANITAN\index.php(59): CodeIgniter\Boot::bootWeb(Object(Config\Paths))
#11 {main}
ERROR - 2025-09-23 09:58:00 --> mysqli_sql_exception: Unknown column 'teacher_id' in 'where clause' in C:\xampp\htdocs\ITE311-CANITAN\system\Database\MySQLi\Connection.php:327
Stack trace:
#0 C:\xampp\htdocs\ITE311-CANITAN\system\Database\MySQLi\Connection.php(327): mysqli->query('SELECT *\nFROM `...', 0)
#1 C:\xampp\htdocs\ITE311-CANITAN\system\Database\BaseConnection.php(729): CodeIgniter\Database\MySQLi\Connection->execute('SELECT *\nFROM `...')
#2 C:\xampp\htdocs\ITE311-CANITAN\system\Database\BaseConnection.php(646): CodeIgniter\Database\BaseConnection->simpleQuery('SELECT *\nFROM `...')
#3 C:\xampp\htdocs\ITE311-CANITAN\system\Database\BaseBuilder.php(1649): CodeIgniter\Database\BaseConnection->query('SELECT *\nFROM `...', Array, false)
#4 C:\xampp\htdocs\ITE311-CANITAN\app\Controllers\Teacher.php(33): CodeIgniter\Database\BaseBuilder->get(10)
#5 C:\xampp\htdocs\ITE311-CANITAN\system\CodeIgniter.php(933): App\Controllers\Teacher->dashboard()
#6 C:\xampp\htdocs\ITE311-CANITAN\system\CodeIgniter.php(507): CodeIgniter\CodeIgniter->runController(Object(App\Controllers\Teacher))
#7 C:\xampp\htdocs\ITE311-CANITAN\system\CodeIgniter.php(354): CodeIgniter\CodeIgniter->handleRequest(NULL, Object(Config\Cache), false)
#8 C:\xampp\htdocs\ITE311-CANITAN\system\Boot.php(363): CodeIgniter\CodeIgniter->run()
#9 C:\xampp\htdocs\ITE311-CANITAN\system\Boot.php(68): CodeIgniter\Boot::runCodeIgniter(Object(CodeIgniter\CodeIgniter))
#10 C:\xampp\htdocs\ITE311-CANITAN\index.php(59): CodeIgniter\Boot::bootWeb(Object(Config\Paths))
#11 {main}
ERROR - 2025-09-23 09:58:00 --> mysqli_sql_exception: Unknown column 'student_name' in 'field list' in C:\xampp\htdocs\ITE311-CANITAN\system\Database\MySQLi\Connection.php:327
Stack trace:
#0 C:\xampp\htdocs\ITE311-CANITAN\system\Database\MySQLi\Connection.php(327): mysqli->query('SELECT `student...', 0)
#1 C:\xampp\htdocs\ITE311-CANITAN\system\Database\BaseConnection.php(729): CodeIgniter\Database\MySQLi\Connection->execute('SELECT `student...')
#2 C:\xampp\htdocs\ITE311-CANITAN\system\Database\BaseConnection.php(646): CodeIgniter\Database\BaseConnection->simpleQuery('SELECT `student...')
#3 C:\xampp\htdocs\ITE311-CANITAN\system\Database\BaseBuilder.php(1649): CodeIgniter\Database\BaseConnection->query('SELECT `student...', Array, false)
#4 C:\xampp\htdocs\ITE311-CANITAN\app\Controllers\Teacher.php(48): CodeIgniter\Database\BaseBuilder->get(5)
#5 C:\xampp\htdocs\ITE311-CANITAN\system\CodeIgniter.php(933): App\Controllers\Teacher->dashboard()
#6 C:\xampp\htdocs\ITE311-CANITAN\system\CodeIgniter.php(507): CodeIgniter\CodeIgniter->runController(Object(App\Controllers\Teacher))
#7 C:\xampp\htdocs\ITE311-CANITAN\system\CodeIgniter.php(354): CodeIgniter\CodeIgniter->handleRequest(NULL, Object(Config\Cache), false)
#8 C:\xampp\htdocs\ITE311-CANITAN\system\Boot.php(363): CodeIgniter\CodeIgniter->run()
#9 C:\xampp\htdocs\ITE311-CANITAN\system\Boot.php(68): CodeIgniter\Boot::runCodeIgniter(Object(CodeIgniter\CodeIgniter))
#10 C:\xampp\htdocs\ITE311-CANITAN\index.php(59): CodeIgniter\Boot::bootWeb(Object(Config\Paths))
#11 {main}
ERROR - 2025-09-23 09:58:06 --> mysqli_sql_exception: Unknown column 'teacher_id' in 'where clause' in C:\xampp\htdocs\ITE311-CANITAN\system\Database\MySQLi\Connection.php:327
Stack trace:
#0 C:\xampp\htdocs\ITE311-CANITAN\system\Database\MySQLi\Connection.php(327): mysqli->query('SELECT *\nFROM `...', 0)
#1 C:\xampp\htdocs\ITE311-CANITAN\system\Database\BaseConnection.php(729): CodeIgniter\Database\MySQLi\Connection->execute('SELECT *\nFROM `...')
#2 C:\xampp\htdocs\ITE311-CANITAN\system\Database\BaseConnection.php(646): CodeIgniter\Database\BaseConnection->simpleQuery('SELECT *\nFROM `...')
#3 C:\xampp\htdocs\ITE311-CANITAN\system\Database\BaseBuilder.php(1649): CodeIgniter\Database\BaseConnection->query('SELECT *\nFROM `...', Array, false)
#4 C:\xampp\htdocs\ITE311-CANITAN\app\Controllers\Teacher.php(33): CodeIgniter\Database\BaseBuilder->get(10)
#5 C:\xampp\htdocs\ITE311-CANITAN\system\CodeIgniter.php(933): App\Controllers\Teacher->dashboard()
#6 C:\xampp\htdocs\ITE311-CANITAN\system\CodeIgniter.php(507): CodeIgniter\CodeIgniter->runController(Object(App\Controllers\Teacher))
#7 C:\xampp\htdocs\ITE311-CANITAN\system\CodeIgniter.php(354): CodeIgniter\CodeIgniter->handleRequest(NULL, Object(Config\Cache), false)
#8 C:\xampp\htdocs\ITE311-CANITAN\system\Boot.php(363): CodeIgniter\CodeIgniter->run()
#9 C:\xampp\htdocs\ITE311-CANITAN\system\Boot.php(68): CodeIgniter\Boot::runCodeIgniter(Object(CodeIgniter\CodeIgniter))
#10 C:\xampp\htdocs\ITE311-CANITAN\index.php(59): CodeIgniter\Boot::bootWeb(Object(Config\Paths))
#11 {main}
ERROR - 2025-09-23 09:58:06 --> mysqli_sql_exception: Unknown column 'student_name' in 'field list' in C:\xampp\htdocs\ITE311-CANITAN\system\Database\MySQLi\Connection.php:327
Stack trace:
#0 C:\xampp\htdocs\ITE311-CANITAN\system\Database\MySQLi\Connection.php(327): mysqli->query('SELECT `student...', 0)
#1 C:\xampp\htdocs\ITE311-CANITAN\system\Database\BaseConnection.php(729): CodeIgniter\Database\MySQLi\Connection->execute('SELECT `student...')
#2 C:\xampp\htdocs\ITE311-CANITAN\system\Database\BaseConnection.php(646): CodeIgniter\Database\BaseConnection->simpleQuery('SELECT `student...')
#3 C:\xampp\htdocs\ITE311-CANITAN\system\Database\BaseBuilder.php(1649): CodeIgniter\Database\BaseConnection->query('SELECT `student...', Array, false)
#4 C:\xampp\htdocs\ITE311-CANITAN\app\Controllers\Teacher.php(48): CodeIgniter\Database\BaseBuilder->get(5)
#5 C:\xampp\htdocs\ITE311-CANITAN\system\CodeIgniter.php(933): App\Controllers\Teacher->dashboard()
#6 C:\xampp\htdocs\ITE311-CANITAN\system\CodeIgniter.php(507): CodeIgniter\CodeIgniter->runController(Object(App\Controllers\Teacher))
#7 C:\xampp\htdocs\ITE311-CANITAN\system\CodeIgniter.php(354): CodeIgniter\CodeIgniter->handleRequest(NULL, Object(Config\Cache), false)
#8 C:\xampp\htdocs\ITE311-CANITAN\system\Boot.php(363): CodeIgniter\CodeIgniter->run()
#9 C:\xampp\htdocs\ITE311-CANITAN\system\Boot.php(68): CodeIgniter\Boot::runCodeIgniter(Object(CodeIgniter\CodeIgniter))
#10 C:\xampp\htdocs\ITE311-CANITAN\index.php(59): CodeIgniter\Boot::bootWeb(Object(Config\Paths))
#11 {main}
ERROR - 2025-09-23 09:58:10 --> mysqli_sql_exception: Unknown column 'teacher_id' in 'where clause' in C:\xampp\htdocs\ITE311-CANITAN\system\Database\MySQLi\Connection.php:327
Stack trace:
#0 C:\xampp\htdocs\ITE311-CANITAN\system\Database\MySQLi\Connection.php(327): mysqli->query('SELECT *\nFROM `...', 0)
#1 C:\xampp\htdocs\ITE311-CANITAN\system\Database\BaseConnection.php(729): CodeIgniter\Database\MySQLi\Connection->execute('SELECT *\nFROM `...')
#2 C:\xampp\htdocs\ITE311-CANITAN\system\Database\BaseConnection.php(646): CodeIgniter\Database\BaseConnection->simpleQuery('SELECT *\nFROM `...')
#3 C:\xampp\htdocs\ITE311-CANITAN\system\Database\BaseBuilder.php(1649): CodeIgniter\Database\BaseConnection->query('SELECT *\nFROM `...', Array, false)
#4 C:\xampp\htdocs\ITE311-CANITAN\app\Controllers\Teacher.php(33): CodeIgniter\Database\BaseBuilder->get(10)
#5 C:\xampp\htdocs\ITE311-CANITAN\system\CodeIgniter.php(933): App\Controllers\Teacher->dashboard()
#6 C:\xampp\htdocs\ITE311-CANITAN\system\CodeIgniter.php(507): CodeIgniter\CodeIgniter->runController(Object(App\Controllers\Teacher))
#7 C:\xampp\htdocs\ITE311-CANITAN\system\CodeIgniter.php(354): CodeIgniter\CodeIgniter->handleRequest(NULL, Object(Config\Cache), false)
#8 C:\xampp\htdocs\ITE311-CANITAN\system\Boot.php(363): CodeIgniter\CodeIgniter->run()
#9 C:\xampp\htdocs\ITE311-CANITAN\system\Boot.php(68): CodeIgniter\Boot::runCodeIgniter(Object(CodeIgniter\CodeIgniter))
#10 C:\xampp\htdocs\ITE311-CANITAN\index.php(59): CodeIgniter\Boot::bootWeb(Object(Config\Paths))
#11 {main}
ERROR - 2025-09-23 09:58:10 --> mysqli_sql_exception: Unknown column 'student_name' in 'field list' in C:\xampp\htdocs\ITE311-CANITAN\system\Database\MySQLi\Connection.php:327
Stack trace:
#0 C:\xampp\htdocs\ITE311-CANITAN\system\Database\MySQLi\Connection.php(327): mysqli->query('SELECT `student...', 0)
#1 C:\xampp\htdocs\ITE311-CANITAN\system\Database\BaseConnection.php(729): CodeIgniter\Database\MySQLi\Connection->execute('SELECT `student...')
#2 C:\xampp\htdocs\ITE311-CANITAN\system\Database\BaseConnection.php(646): CodeIgniter\Database\BaseConnection->simpleQuery('SELECT `student...')
#3 C:\xampp\htdocs\ITE311-CANITAN\system\Database\BaseBuilder.php(1649): CodeIgniter\Database\BaseConnection->query('SELECT `student...', Array, false)
#4 C:\xampp\htdocs\ITE311-CANITAN\app\Controllers\Teacher.php(48): CodeIgniter\Database\BaseBuilder->get(5)
#5 C:\xampp\htdocs\ITE311-CANITAN\system\CodeIgniter.php(933): App\Controllers\Teacher->dashboard()
#6 C:\xampp\htdocs\ITE311-CANITAN\system\CodeIgniter.php(507): CodeIgniter\CodeIgniter->runController(Object(App\Controllers\Teacher))
#7 C:\xampp\htdocs\ITE311-CANITAN\system\CodeIgniter.php(354): CodeIgniter\CodeIgniter->handleRequest(NULL, Object(Config\Cache), false)
#8 C:\xampp\htdocs\ITE311-CANITAN\system\Boot.php(363): CodeIgniter\CodeIgniter->run()
#9 C:\xampp\htdocs\ITE311-CANITAN\system\Boot.php(68): CodeIgniter\Boot::runCodeIgniter(Object(CodeIgniter\CodeIgniter))
#10 C:\xampp\htdocs\ITE311-CANITAN\index.php(59): CodeIgniter\Boot::bootWeb(Object(Config\Paths))
#11 {main}
ERROR - 2025-09-23 09:58:15 --> mysqli_sql_exception: Unknown column 'teacher_id' in 'where clause' in C:\xampp\htdocs\ITE311-CANITAN\system\Database\MySQLi\Connection.php:327
Stack trace:
#0 C:\xampp\htdocs\ITE311-CANITAN\system\Database\MySQLi\Connection.php(327): mysqli->query('SELECT *\nFROM `...', 0)
#1 C:\xampp\htdocs\ITE311-CANITAN\system\Database\BaseConnection.php(729): CodeIgniter\Database\MySQLi\Connection->execute('SELECT *\nFROM `...')
#2 C:\xampp\htdocs\ITE311-CANITAN\system\Database\BaseConnection.php(646): CodeIgniter\Database\BaseConnection->simpleQuery('SELECT *\nFROM `...')
#3 C:\xampp\htdocs\ITE311-CANITAN\system\Database\BaseBuilder.php(1649): CodeIgniter\Database\BaseConnection->query('SELECT *\nFROM `...', Array, false)
#4 C:\xampp\htdocs\ITE311-CANITAN\app\Controllers\Teacher.php(33): CodeIgniter\Database\BaseBuilder->get(10)
#5 C:\xampp\htdocs\ITE311-CANITAN\system\CodeIgniter.php(933): App\Controllers\Teacher->dashboard()
#6 C:\xampp\htdocs\ITE311-CANITAN\system\CodeIgniter.php(507): CodeIgniter\CodeIgniter->runController(Object(App\Controllers\Teacher))
#7 C:\xampp\htdocs\ITE311-CANITAN\system\CodeIgniter.php(354): CodeIgniter\CodeIgniter->handleRequest(NULL, Object(Config\Cache), false)
#8 C:\xampp\htdocs\ITE311-CANITAN\system\Boot.php(363): CodeIgniter\CodeIgniter->run()
#9 C:\xampp\htdocs\ITE311-CANITAN\system\Boot.php(68): CodeIgniter\Boot::runCodeIgniter(Object(CodeIgniter\CodeIgniter))
#10 C:\xampp\htdocs\ITE311-CANITAN\index.php(59): CodeIgniter\Boot::bootWeb(Object(Config\Paths))
#11 {main}
ERROR - 2025-09-23 09:58:15 --> mysqli_sql_exception: Unknown column 'student_name' in 'field list' in C:\xampp\htdocs\ITE311-CANITAN\system\Database\MySQLi\Connection.php:327
Stack trace:
#0 C:\xampp\htdocs\ITE311-CANITAN\system\Database\MySQLi\Connection.php(327): mysqli->query('SELECT `student...', 0)
#1 C:\xampp\htdocs\ITE311-CANITAN\system\Database\BaseConnection.php(729): CodeIgniter\Database\MySQLi\Connection->execute('SELECT `student...')
#2 C:\xampp\htdocs\ITE311-CANITAN\system\Database\BaseConnection.php(646): CodeIgniter\Database\BaseConnection->simpleQuery('SELECT `student...')
#3 C:\xampp\htdocs\ITE311-CANITAN\system\Database\BaseBuilder.php(1649): CodeIgniter\Database\BaseConnection->query('SELECT `student...', Array, false)
#4 C:\xampp\htdocs\ITE311-CANITAN\app\Controllers\Teacher.php(48): CodeIgniter\Database\BaseBuilder->get(5)
#5 C:\xampp\htdocs\ITE311-CANITAN\system\CodeIgniter.php(933): App\Controllers\Teacher->dashboard()
#6 C:\xampp\htdocs\ITE311-CANITAN\system\CodeIgniter.php(507): CodeIgniter\CodeIgniter->runController(Object(App\Controllers\Teacher))
#7 C:\xampp\htdocs\ITE311-CANITAN\system\CodeIgniter.php(354): CodeIgniter\CodeIgniter->handleRequest(NULL, Object(Config\Cache), false)
#8 C:\xampp\htdocs\ITE311-CANITAN\system\Boot.php(363): CodeIgniter\CodeIgniter->run()
#9 C:\xampp\htdocs\ITE311-CANITAN\system\Boot.php(68): CodeIgniter\Boot::runCodeIgniter(Object(CodeIgniter\CodeIgniter))
#10 C:\xampp\htdocs\ITE311-CANITAN\index.php(59): CodeIgniter\Boot::bootWeb(Object(Config\Paths))
#11 {main}
ERROR - 2025-09-23 09:58:28 --> mysqli_sql_exception: Unknown column 'teacher_id' in 'where clause' in C:\xampp\htdocs\ITE311-CANITAN\system\Database\MySQLi\Connection.php:327
Stack trace:
#0 C:\xampp\htdocs\ITE311-CANITAN\system\Database\MySQLi\Connection.php(327): mysqli->query('SELECT *\nFROM `...', 0)
#1 C:\xampp\htdocs\ITE311-CANITAN\system\Database\BaseConnection.php(729): CodeIgniter\Database\MySQLi\Connection->execute('SELECT *\nFROM `...')
#2 C:\xampp\htdocs\ITE311-CANITAN\system\Database\BaseConnection.php(646): CodeIgniter\Database\BaseConnection->simpleQuery('SELECT *\nFROM `...')
#3 C:\xampp\htdocs\ITE311-CANITAN\system\Database\BaseBuilder.php(1649): CodeIgniter\Database\BaseConnection->query('SELECT *\nFROM `...', Array, false)
#4 C:\xampp\htdocs\ITE311-CANITAN\app\Controllers\Teacher.php(33): CodeIgniter\Database\BaseBuilder->get(10)
#5 C:\xampp\htdocs\ITE311-CANITAN\system\CodeIgniter.php(933): App\Controllers\Teacher->dashboard()
#6 C:\xampp\htdocs\ITE311-CANITAN\system\CodeIgniter.php(507): CodeIgniter\CodeIgniter->runController(Object(App\Controllers\Teacher))
#7 C:\xampp\htdocs\ITE311-CANITAN\system\CodeIgniter.php(354): CodeIgniter\CodeIgniter->handleRequest(NULL, Object(Config\Cache), false)
#8 C:\xampp\htdocs\ITE311-CANITAN\system\Boot.php(363): CodeIgniter\CodeIgniter->run()
#9 C:\xampp\htdocs\ITE311-CANITAN\system\Boot.php(68): CodeIgniter\Boot::runCodeIgniter(Object(CodeIgniter\CodeIgniter))
#10 C:\xampp\htdocs\ITE311-CANITAN\index.php(59): CodeIgniter\Boot::bootWeb(Object(Config\Paths))
#11 {main}
ERROR - 2025-09-23 09:58:28 --> mysqli_sql_exception: Unknown column 'student_name' in 'field list' in C:\xampp\htdocs\ITE311-CANITAN\system\Database\MySQLi\Connection.php:327
Stack trace:
#0 C:\xampp\htdocs\ITE311-CANITAN\system\Database\MySQLi\Connection.php(327): mysqli->query('SELECT `student...', 0)
#1 C:\xampp\htdocs\ITE311-CANITAN\system\Database\BaseConnection.php(729): CodeIgniter\Database\MySQLi\Connection->execute('SELECT `student...')
#2 C:\xampp\htdocs\ITE311-CANITAN\system\Database\BaseConnection.php(646): CodeIgniter\Database\BaseConnection->simpleQuery('SELECT `student...')
#3 C:\xampp\htdocs\ITE311-CANITAN\system\Database\BaseBuilder.php(1649): CodeIgniter\Database\BaseConnection->query('SELECT `student...', Array, false)
#4 C:\xampp\htdocs\ITE311-CANITAN\app\Controllers\Teacher.php(48): CodeIgniter\Database\BaseBuilder->get(5)
#5 C:\xampp\htdocs\ITE311-CANITAN\system\CodeIgniter.php(933): App\Controllers\Teacher->dashboard()
#6 C:\xampp\htdocs\ITE311-CANITAN\system\CodeIgniter.php(507): CodeIgniter\CodeIgniter->runController(Object(App\Controllers\Teacher))
#7 C:\xampp\htdocs\ITE311-CANITAN\system\CodeIgniter.php(354): CodeIgniter\CodeIgniter->handleRequest(NULL, Object(Config\Cache), false)
#8 C:\xampp\htdocs\ITE311-CANITAN\system\Boot.php(363): CodeIgniter\CodeIgniter->run()
#9 C:\xampp\htdocs\ITE311-CANITAN\system\Boot.php(68): CodeIgniter\Boot::runCodeIgniter(Object(CodeIgniter\CodeIgniter))
#10 C:\xampp\htdocs\ITE311-CANITAN\index.php(59): CodeIgniter\Boot::bootWeb(Object(Config\Paths))
#11 {main}
ERROR - 2025-09-23 09:59:01 --> mysqli_sql_exception: Unknown column 'title' in 'field list' in C:\xampp\htdocs\ITE311-CANITAN\system\Database\MySQLi\Connection.php:327
Stack trace:
#0 C:\xampp\htdocs\ITE311-CANITAN\system\Database\MySQLi\Connection.php(327): mysqli->query('INSERT INTO `co...', 0)
#1 C:\xampp\htdocs\ITE311-CANITAN\system\Database\BaseConnection.php(729): CodeIgniter\Database\MySQLi\Connection->execute('INSERT INTO `co...')
#2 C:\xampp\htdocs\ITE311-CANITAN\system\Database\BaseConnection.php(646): CodeIgniter\Database\BaseConnection->simpleQuery('INSERT INTO `co...')
#3 C:\xampp\htdocs\ITE311-CANITAN\system\Database\BaseBuilder.php(2345): CodeIgniter\Database\BaseConnection->query('INSERT INTO `co...', Array, false)
#4 C:\xampp\htdocs\ITE311-CANITAN\app\Controllers\Teacher.php(102): CodeIgniter\Database\BaseBuilder->insert(Array)
#5 C:\xampp\htdocs\ITE311-CANITAN\system\CodeIgniter.php(933): App\Controllers\Teacher->storeCourse()
#6 C:\xampp\htdocs\ITE311-CANITAN\system\CodeIgniter.php(507): CodeIgniter\CodeIgniter->runController(Object(App\Controllers\Teacher))
#7 C:\xampp\htdocs\ITE311-CANITAN\system\CodeIgniter.php(354): CodeIgniter\CodeIgniter->handleRequest(NULL, Object(Config\Cache), false)
#8 C:\xampp\htdocs\ITE311-CANITAN\system\Boot.php(363): CodeIgniter\CodeIgniter->run()
#9 C:\xampp\htdocs\ITE311-CANITAN\system\Boot.php(68): CodeIgniter\Boot::runCodeIgniter(Object(CodeIgniter\CodeIgniter))
#10 C:\xampp\htdocs\ITE311-CANITAN\index.php(59): CodeIgniter\Boot::bootWeb(Object(Config\Paths))
#11 {main}
ERROR - 2025-09-23 10:02:46 --> mysqli_sql_exception: Unknown column 'teacher_id' in 'field list' in C:\xampp\htdocs\ITE311-CANITAN\system\Database\MySQLi\Connection.php:327
Stack trace:
#0 C:\xampp\htdocs\ITE311-CANITAN\system\Database\MySQLi\Connection.php(327): mysqli->query('INSERT INTO `co...', 0)
#1 C:\xampp\htdocs\ITE311-CANITAN\system\Database\BaseConnection.php(729): CodeIgniter\Database\MySQLi\Connection->execute('INSERT INTO `co...')
#2 C:\xampp\htdocs\ITE311-CANITAN\system\Database\BaseConnection.php(646): CodeIgniter\Database\BaseConnection->simpleQuery('INSERT INTO `co...')
#3 C:\xampp\htdocs\ITE311-CANITAN\system\Database\BaseBuilder.php(2345): CodeIgniter\Database\BaseConnection->query('INSERT INTO `co...', Array, false)
#4 C:\xampp\htdocs\ITE311-CANITAN\app\Controllers\Teacher.php(102): CodeIgniter\Database\BaseBuilder->insert(Array)
#5 C:\xampp\htdocs\ITE311-CANITAN\system\CodeIgniter.php(933): App\Controllers\Teacher->storeCourse()
#6 C:\xampp\htdocs\ITE311-CANITAN\system\CodeIgniter.php(507): CodeIgniter\CodeIgniter->runController(Object(App\Controllers\Teacher))
#7 C:\xampp\htdocs\ITE311-CANITAN\system\CodeIgniter.php(354): CodeIgniter\CodeIgniter->handleRequest(NULL, Object(Config\Cache), false)
#8 C:\xampp\htdocs\ITE311-CANITAN\system\Boot.php(363): CodeIgniter\CodeIgniter->run()
#9 C:\xampp\htdocs\ITE311-CANITAN\system\Boot.php(68): CodeIgniter\Boot::runCodeIgniter(Object(CodeIgniter\CodeIgniter))
#10 C:\xampp\htdocs\ITE311-CANITAN\index.php(59): CodeIgniter\Boot::bootWeb(Object(Config\Paths))
#11 {main}
ERROR - 2025-09-23 10:07:18 --> mysqli_sql_exception: Unknown column 'teacher_id' in 'where clause' in C:\xampp\htdocs\ITE311-CANITAN\system\Database\MySQLi\Connection.php:327
Stack trace:
#0 C:\xampp\htdocs\ITE311-CANITAN\system\Database\MySQLi\Connection.php(327): mysqli->query('SELECT *\nFROM `...', 0)
#1 C:\xampp\htdocs\ITE311-CANITAN\system\Database\BaseConnection.php(729): CodeIgniter\Database\MySQLi\Connection->execute('SELECT *\nFROM `...')
#2 C:\xampp\htdocs\ITE311-CANITAN\system\Database\BaseConnection.php(646): CodeIgniter\Database\BaseConnection->simpleQuery('SELECT *\nFROM `...')
#3 C:\xampp\htdocs\ITE311-CANITAN\system\Database\BaseBuilder.php(1649): CodeIgniter\Database\BaseConnection->query('SELECT *\nFROM `...', Array, false)
#4 C:\xampp\htdocs\ITE311-CANITAN\app\Controllers\Teacher.php(31): CodeIgniter\Database\BaseBuilder->get(10)
#5 C:\xampp\htdocs\ITE311-CANITAN\system\CodeIgniter.php(933): App\Controllers\Teacher->dashboard()
#6 C:\xampp\htdocs\ITE311-CANITAN\system\CodeIgniter.php(507): CodeIgniter\CodeIgniter->runController(Object(App\Controllers\Teacher))
#7 C:\xampp\htdocs\ITE311-CANITAN\system\CodeIgniter.php(354): CodeIgniter\CodeIgniter->handleRequest(NULL, Object(Config\Cache), false)
#8 C:\xampp\htdocs\ITE311-CANITAN\system\Boot.php(363): CodeIgniter\CodeIgniter->run()
#9 C:\xampp\htdocs\ITE311-CANITAN\system\Boot.php(68): CodeIgniter\Boot::runCodeIgniter(Object(CodeIgniter\CodeIgniter))
#10 C:\xampp\htdocs\ITE311-CANITAN\index.php(59): CodeIgniter\Boot::bootWeb(Object(Config\Paths))
#11 {main}
ERROR - 2025-09-23 10:07:18 --> mysqli_sql_exception: Unknown column 'student_name' in 'field list' in C:\xampp\htdocs\ITE311-CANITAN\system\Database\MySQLi\Connection.php:327
Stack trace:
#0 C:\xampp\htdocs\ITE311-CANITAN\system\Database\MySQLi\Connection.php(327): mysqli->query('SELECT `student...', 0)
#1 C:\xampp\htdocs\ITE311-CANITAN\system\Database\BaseConnection.php(729): CodeIgniter\Database\MySQLi\Connection->execute('SELECT `student...')
#2 C:\xampp\htdocs\ITE311-CANITAN\system\Database\BaseConnection.php(646): CodeIgniter\Database\BaseConnection->simpleQuery('SELECT `student...')
#3 C:\xampp\htdocs\ITE311-CANITAN\system\Database\BaseBuilder.php(1649): CodeIgniter\Database\BaseConnection->query('SELECT `student...', Array, false)
#4 C:\xampp\htdocs\ITE311-CANITAN\app\Controllers\Teacher.php(43): CodeIgniter\Database\BaseBuilder->get()
#5 C:\xampp\htdocs\ITE311-CANITAN\system\CodeIgniter.php(933): App\Controllers\Teacher->dashboard()
#6 C:\xampp\htdocs\ITE311-CANITAN\system\CodeIgniter.php(507): CodeIgniter\CodeIgniter->runController(Object(App\Controllers\Teacher))
#7 C:\xampp\htdocs\ITE311-CANITAN\system\CodeIgniter.php(354): CodeIgniter\CodeIgniter->handleRequest(NULL, Object(Config\Cache), false)
#8 C:\xampp\htdocs\ITE311-CANITAN\system\Boot.php(363): CodeIgniter\CodeIgniter->run()
#9 C:\xampp\htdocs\ITE311-CANITAN\system\Boot.php(68): CodeIgniter\Boot::runCodeIgniter(Object(CodeIgniter\CodeIgniter))
#10 C:\xampp\htdocs\ITE311-CANITAN\index.php(59): CodeIgniter\Boot::bootWeb(Object(Config\Paths))
#11 {main}
ERROR - 2025-09-23 10:08:37 --> mysqli_sql_exception: Unknown column 'teacher_id' in 'where clause' in C:\xampp\htdocs\ITE311-CANITAN\system\Database\MySQLi\Connection.php:327
Stack trace:
#0 C:\xampp\htdocs\ITE311-CANITAN\system\Database\MySQLi\Connection.php(327): mysqli->query('SELECT *\nFROM `...', 0)
#1 C:\xampp\htdocs\ITE311-CANITAN\system\Database\BaseConnection.php(729): CodeIgniter\Database\MySQLi\Connection->execute('SELECT *\nFROM `...')
#2 C:\xampp\htdocs\ITE311-CANITAN\system\Database\BaseConnection.php(646): CodeIgniter\Database\BaseConnection->simpleQuery('SELECT *\nFROM `...')
#3 C:\xampp\htdocs\ITE311-CANITAN\system\Database\BaseBuilder.php(1649): CodeIgniter\Database\BaseConnection->query('SELECT *\nFROM `...', Array, false)
#4 C:\xampp\htdocs\ITE311-CANITAN\app\Controllers\Teacher.php(31): CodeIgniter\Database\BaseBuilder->get(10)
#5 C:\xampp\htdocs\ITE311-CANITAN\system\CodeIgniter.php(933): App\Controllers\Teacher->dashboard()
#6 C:\xampp\htdocs\ITE311-CANITAN\system\CodeIgniter.php(507): CodeIgniter\CodeIgniter->runController(Object(App\Controllers\Teacher))
#7 C:\xampp\htdocs\ITE311-CANITAN\system\CodeIgniter.php(354): CodeIgniter\CodeIgniter->handleRequest(NULL, Object(Config\Cache), false)
#8 C:\xampp\htdocs\ITE311-CANITAN\system\Boot.php(363): CodeIgniter\CodeIgniter->run()
#9 C:\xampp\htdocs\ITE311-CANITAN\system\Boot.php(68): CodeIgniter\Boot::runCodeIgniter(Object(CodeIgniter\CodeIgniter))
#10 C:\xampp\htdocs\ITE311-CANITAN\index.php(59): CodeIgniter\Boot::bootWeb(Object(Config\Paths))
#11 {main}
ERROR - 2025-09-23 10:08:37 --> mysqli_sql_exception: Unknown column 'student_name' in 'field list' in C:\xampp\htdocs\ITE311-CANITAN\system\Database\MySQLi\Connection.php:327
Stack trace:
#0 C:\xampp\htdocs\ITE311-CANITAN\system\Database\MySQLi\Connection.php(327): mysqli->query('SELECT `student...', 0)
#1 C:\xampp\htdocs\ITE311-CANITAN\system\Database\BaseConnection.php(729): CodeIgniter\Database\MySQLi\Connection->execute('SELECT `student...')
#2 C:\xampp\htdocs\ITE311-CANITAN\system\Database\BaseConnection.php(646): CodeIgniter\Database\BaseConnection->simpleQuery('SELECT `student...')
#3 C:\xampp\htdocs\ITE311-CANITAN\system\Database\BaseBuilder.php(1649): CodeIgniter\Database\BaseConnection->query('SELECT `student...', Array, false)
#4 C:\xampp\htdocs\ITE311-CANITAN\app\Controllers\Teacher.php(43): CodeIgniter\Database\BaseBuilder->get()
#5 C:\xampp\htdocs\ITE311-CANITAN\system\CodeIgniter.php(933): App\Controllers\Teacher->dashboard()
#6 C:\xampp\htdocs\ITE311-CANITAN\system\CodeIgniter.php(507): CodeIgniter\CodeIgniter->runController(Object(App\Controllers\Teacher))
#7 C:\xampp\htdocs\ITE311-CANITAN\system\CodeIgniter.php(354): CodeIgniter\CodeIgniter->handleRequest(NULL, Object(Config\Cache), false)
#8 C:\xampp\htdocs\ITE311-CANITAN\system\Boot.php(363): CodeIgniter\CodeIgniter->run()
#9 C:\xampp\htdocs\ITE311-CANITAN\system\Boot.php(68): CodeIgniter\Boot::runCodeIgniter(Object(CodeIgniter\CodeIgniter))
#10 C:\xampp\htdocs\ITE311-CANITAN\index.php(59): CodeIgniter\Boot::bootWeb(Object(Config\Paths))
#11 {main}
ERROR - 2025-09-23 10:11:38 --> mysqli_sql_exception: Unknown column 'teacher_id' in 'where clause' in C:\xampp\htdocs\ITE311-CANITAN\system\Database\MySQLi\Connection.php:327
Stack trace:
#0 C:\xampp\htdocs\ITE311-CANITAN\system\Database\MySQLi\Connection.php(327): mysqli->query('SELECT *\nFROM `...', 0)
#1 C:\xampp\htdocs\ITE311-CANITAN\system\Database\BaseConnection.php(729): CodeIgniter\Database\MySQLi\Connection->execute('SELECT *\nFROM `...')
#2 C:\xampp\htdocs\ITE311-CANITAN\system\Database\BaseConnection.php(646): CodeIgniter\Database\BaseConnection->simpleQuery('SELECT *\nFROM `...')
#3 C:\xampp\htdocs\ITE311-CANITAN\system\Database\BaseBuilder.php(1649): CodeIgniter\Database\BaseConnection->query('SELECT *\nFROM `...', Array, false)
#4 C:\xampp\htdocs\ITE311-CANITAN\app\Controllers\Teacher.php(31): CodeIgniter\Database\BaseBuilder->get(10)
#5 C:\xampp\htdocs\ITE311-CANITAN\system\CodeIgniter.php(933): App\Controllers\Teacher->dashboard()
#6 C:\xampp\htdocs\ITE311-CANITAN\system\CodeIgniter.php(507): CodeIgniter\CodeIgniter->runController(Object(App\Controllers\Teacher))
#7 C:\xampp\htdocs\ITE311-CANITAN\system\CodeIgniter.php(354): CodeIgniter\CodeIgniter->handleRequest(NULL, Object(Config\Cache), false)
#8 C:\xampp\htdocs\ITE311-CANITAN\system\Boot.php(363): CodeIgniter\CodeIgniter->run()
#9 C:\xampp\htdocs\ITE311-CANITAN\system\Boot.php(68): CodeIgniter\Boot::runCodeIgniter(Object(CodeIgniter\CodeIgniter))
#10 C:\xampp\htdocs\ITE311-CANITAN\index.php(59): CodeIgniter\Boot::bootWeb(Object(Config\Paths))
#11 {main}
ERROR - 2025-09-23 10:11:38 --> mysqli_sql_exception: Unknown column 'student_name' in 'field list' in C:\xampp\htdocs\ITE311-CANITAN\system\Database\MySQLi\Connection.php:327
Stack trace:
#0 C:\xampp\htdocs\ITE311-CANITAN\system\Database\MySQLi\Connection.php(327): mysqli->query('SELECT `student...', 0)
#1 C:\xampp\htdocs\ITE311-CANITAN\system\Database\BaseConnection.php(729): CodeIgniter\Database\MySQLi\Connection->execute('SELECT `student...')
#2 C:\xampp\htdocs\ITE311-CANITAN\system\Database\BaseConnection.php(646): CodeIgniter\Database\BaseConnection->simpleQuery('SELECT `student...')
#3 C:\xampp\htdocs\ITE311-CANITAN\system\Database\BaseBuilder.php(1649): CodeIgniter\Database\BaseConnection->query('SELECT `student...', Array, false)
#4 C:\xampp\htdocs\ITE311-CANITAN\app\Controllers\Teacher.php(43): CodeIgniter\Database\BaseBuilder->get()
#5 C:\xampp\htdocs\ITE311-CANITAN\system\CodeIgniter.php(933): App\Controllers\Teacher->dashboard()
#6 C:\xampp\htdocs\ITE311-CANITAN\system\CodeIgniter.php(507): CodeIgniter\CodeIgniter->runController(Object(App\Controllers\Teacher))
#7 C:\xampp\htdocs\ITE311-CANITAN\system\CodeIgniter.php(354): CodeIgniter\CodeIgniter->handleRequest(NULL, Object(Config\Cache), false)
#8 C:\xampp\htdocs\ITE311-CANITAN\system\Boot.php(363): CodeIgniter\CodeIgniter->run()
#9 C:\xampp\htdocs\ITE311-CANITAN\system\Boot.php(68): CodeIgniter\Boot::runCodeIgniter(Object(CodeIgniter\CodeIgniter))
#10 C:\xampp\htdocs\ITE311-CANITAN\index.php(59): CodeIgniter\Boot::bootWeb(Object(Config\Paths))
#11 {main}
ERROR - 2025-09-23 10:13:31 --> mysqli_sql_exception: Unknown column 'teacher_id' in 'where clause' in C:\xampp\htdocs\ITE311-CANITAN\system\Database\MySQLi\Connection.php:327
Stack trace:
#0 C:\xampp\htdocs\ITE311-CANITAN\system\Database\MySQLi\Connection.php(327): mysqli->query('SELECT *\nFROM `...', 0)
#1 C:\xampp\htdocs\ITE311-CANITAN\system\Database\BaseConnection.php(729): CodeIgniter\Database\MySQLi\Connection->execute('SELECT *\nFROM `...')
#2 C:\xampp\htdocs\ITE311-CANITAN\system\Database\BaseConnection.php(646): CodeIgniter\Database\BaseConnection->simpleQuery('SELECT *\nFROM `...')
#3 C:\xampp\htdocs\ITE311-CANITAN\system\Database\BaseBuilder.php(1649): CodeIgniter\Database\BaseConnection->query('SELECT *\nFROM `...', Array, false)
#4 C:\xampp\htdocs\ITE311-CANITAN\app\Controllers\Teacher.php(31): CodeIgniter\Database\BaseBuilder->get(10)
#5 C:\xampp\htdocs\ITE311-CANITAN\system\CodeIgniter.php(933): App\Controllers\Teacher->dashboard()
#6 C:\xampp\htdocs\ITE311-CANITAN\system\CodeIgniter.php(507): CodeIgniter\CodeIgniter->runController(Object(App\Controllers\Teacher))
#7 C:\xampp\htdocs\ITE311-CANITAN\system\CodeIgniter.php(354): CodeIgniter\CodeIgniter->handleRequest(NULL, Object(Config\Cache), false)
#8 C:\xampp\htdocs\ITE311-CANITAN\system\Boot.php(363): CodeIgniter\CodeIgniter->run()
#9 C:\xampp\htdocs\ITE311-CANITAN\system\Boot.php(68): CodeIgniter\Boot::runCodeIgniter(Object(CodeIgniter\CodeIgniter))
#10 C:\xampp\htdocs\ITE311-CANITAN\index.php(59): CodeIgniter\Boot::bootWeb(Object(Config\Paths))
#11 {main}
ERROR - 2025-09-23 10:13:31 --> mysqli_sql_exception: Unknown column 'student_name' in 'field list' in C:\xampp\htdocs\ITE311-CANITAN\system\Database\MySQLi\Connection.php:327
Stack trace:
#0 C:\xampp\htdocs\ITE311-CANITAN\system\Database\MySQLi\Connection.php(327): mysqli->query('SELECT `student...', 0)
#1 C:\xampp\htdocs\ITE311-CANITAN\system\Database\BaseConnection.php(729): CodeIgniter\Database\MySQLi\Connection->execute('SELECT `student...')
#2 C:\xampp\htdocs\ITE311-CANITAN\system\Database\BaseConnection.php(646): CodeIgniter\Database\BaseConnection->simpleQuery('SELECT `student...')
#3 C:\xampp\htdocs\ITE311-CANITAN\system\Database\BaseBuilder.php(1649): CodeIgniter\Database\BaseConnection->query('SELECT `student...', Array, false)
#4 C:\xampp\htdocs\ITE311-CANITAN\app\Controllers\Teacher.php(43): CodeIgniter\Database\BaseBuilder->get()
#5 C:\xampp\htdocs\ITE311-CANITAN\system\CodeIgniter.php(933): App\Controllers\Teacher->dashboard()
#6 C:\xampp\htdocs\ITE311-CANITAN\system\CodeIgniter.php(507): CodeIgniter\CodeIgniter->runController(Object(App\Controllers\Teacher))
#7 C:\xampp\htdocs\ITE311-CANITAN\system\CodeIgniter.php(354): CodeIgniter\CodeIgniter->handleRequest(NULL, Object(Config\Cache), false)
#8 C:\xampp\htdocs\ITE311-CANITAN\system\Boot.php(363): CodeIgniter\CodeIgniter->run()
#9 C:\xampp\htdocs\ITE311-CANITAN\system\Boot.php(68): CodeIgniter\Boot::runCodeIgniter(Object(CodeIgniter\CodeIgniter))
#10 C:\xampp\htdocs\ITE311-CANITAN\index.php(59): CodeIgniter\Boot::bootWeb(Object(Config\Paths))
#11 {main}
